[2026-01-09T04:38:00.807+0000] {local_task_job_runner.py:123} INFO - ::group::Pre task execution logs
[2026-01-09T04:38:00.820+0000] {taskinstance.py:2613} INFO - Dependencies all met for dep_context=non-requeueable deps ti=<TaskInstance: payment_processor.run_pyspark_processor manual__2026-01-09T04:37:58.790479+00:00 [queued]>
[2026-01-09T04:38:00.827+0000] {taskinstance.py:2613} INFO - Dependencies all met for dep_context=requeueable deps ti=<TaskInstance: payment_processor.run_pyspark_processor manual__2026-01-09T04:37:58.790479+00:00 [queued]>
[2026-01-09T04:38:00.828+0000] {taskinstance.py:2866} INFO - Starting attempt 1 of 2
[2026-01-09T04:38:00.838+0000] {taskinstance.py:2889} INFO - Executing <Task(BashOperator): run_pyspark_processor> on 2026-01-09 04:37:58.790479+00:00
[2026-01-09T04:38:00.843+0000] {standard_task_runner.py:72} INFO - Started process 845 to run task
[2026-01-09T04:38:00.848+0000] {standard_task_runner.py:104} INFO - Running: ['***', 'tasks', 'run', 'payment_processor', 'run_pyspark_processor', 'manual__2026-01-09T04:37:58.790479+00:00', '--job-id', '13', '--raw', '--subdir', 'DAGS_FOLDER/payment_batch_dag.py', '--cfg-path', '/tmp/tmpv9u1cflv']
[2026-01-09T04:38:00.850+0000] {standard_task_runner.py:105} INFO - Job 13: Subtask run_pyspark_processor
[2026-01-09T04:38:00.902+0000] {task_command.py:467} INFO - Running <TaskInstance: payment_processor.run_pyspark_processor manual__2026-01-09T04:37:58.790479+00:00 [running]> on host 30213ec4962e
[2026-01-09T04:38:00.964+0000] {taskinstance.py:3132} INFO - Exporting env vars: AIRFLOW_CTX_DAG_OWNER='benas' AIRFLOW_CTX_DAG_ID='payment_processor' AIRFLOW_CTX_TASK_ID='run_pyspark_processor' AIRFLOW_CTX_EXECUTION_DATE='2026-01-09T04:37:58.790479+00:00' AIRFLOW_CTX_TRY_NUMBER='1' AIRFLOW_CTX_DAG_RUN_ID='manual__2026-01-09T04:37:58.790479+00:00'
[2026-01-09T04:38:00.966+0000] {logging_mixin.py:190} INFO - Task instance is in running state
[2026-01-09T04:38:00.967+0000] {logging_mixin.py:190} INFO -  Previous state of the Task instance: queued
[2026-01-09T04:38:00.967+0000] {logging_mixin.py:190} INFO - Current task name:run_pyspark_processor state:running start_date:2026-01-09 04:38:00.821667+00:00
[2026-01-09T04:38:00.968+0000] {logging_mixin.py:190} INFO - Dag name:payment_processor and current dag run status:running
[2026-01-09T04:38:00.969+0000] {taskinstance.py:731} INFO - ::endgroup::
[2026-01-09T04:38:00.970+0000] {subprocess.py:78} INFO - Tmp dir root location: /tmp
[2026-01-09T04:38:00.971+0000] {subprocess.py:88} INFO - Running command: ['/usr/bin/bash', '-c', 'cd /opt/***/payment_processor && python process_transactions.py']
[2026-01-09T04:38:00.981+0000] {subprocess.py:99} INFO - Output:
[2026-01-09T04:38:01.421+0000] {subprocess.py:106} INFO - /home/***/.local/lib/python3.11/site-packages/pyspark/bin/load-spark-env.sh: line 68: ps: command not found
[2026-01-09T04:38:02.744+0000] {subprocess.py:106} INFO - Setting default log level to "WARN".
[2026-01-09T04:38:02.747+0000] {subprocess.py:106} INFO - To adjust logging level use sc.setLogLevel(newLevel). For SparkR, use setLogLevel(newLevel).
[2026-01-09T04:38:02.933+0000] {subprocess.py:106} INFO - 26/01/09 04:38:02 WARN NativeCodeLoader: Unable to load native-hadoop library for your platform... using builtin-java classes where applicable
[2026-01-09T04:38:04.840+0000] {subprocess.py:106} INFO - 26/01/09 04:38:04 WARN FileStreamSink: Assume no metadata directory. Error while looking for metadata directory in the path: s3a://***-paymentchain-dev-ben/transactions.csv.
[2026-01-09T04:38:04.841+0000] {subprocess.py:106} INFO - java.lang.RuntimeException: java.lang.ClassNotFoundException: Class org.apache.hadoop.fs.s3a.S3AFileSystem not found
[2026-01-09T04:38:04.843+0000] {subprocess.py:106} INFO - 	at org.apache.hadoop.conf.Configuration.getClass(Configuration.java:2688)
[2026-01-09T04:38:04.844+0000] {subprocess.py:106} INFO - 	at org.apache.hadoop.fs.FileSystem.getFileSystemClass(FileSystem.java:3431)
[2026-01-09T04:38:04.845+0000] {subprocess.py:106} INFO - 	at org.apache.hadoop.fs.FileSystem.createFileSystem(FileSystem.java:3466)
[2026-01-09T04:38:04.846+0000] {subprocess.py:106} INFO - 	at org.apache.hadoop.fs.FileSystem.access$300(FileSystem.java:174)
[2026-01-09T04:38:04.847+0000] {subprocess.py:106} INFO - 	at org.apache.hadoop.fs.FileSystem$Cache.getInternal(FileSystem.java:3574)
[2026-01-09T04:38:04.848+0000] {subprocess.py:106} INFO - 	at org.apache.hadoop.fs.FileSystem$Cache.get(FileSystem.java:3521)
[2026-01-09T04:38:04.850+0000] {subprocess.py:106} INFO - 	at org.apache.hadoop.fs.FileSystem.get(FileSystem.java:540)
[2026-01-09T04:38:04.851+0000] {subprocess.py:106} INFO - 	at org.apache.hadoop.fs.Path.getFileSystem(Path.java:365)
[2026-01-09T04:38:04.851+0000] {subprocess.py:106} INFO - 	at org.apache.spark.sql.execution.streaming.FileStreamSink$.hasMetadata(FileStreamSink.scala:53)
[2026-01-09T04:38:04.852+0000] {subprocess.py:106} INFO - 	at org.apache.spark.sql.execution.datasources.DataSource.resolveRelation(DataSource.scala:366)
[2026-01-09T04:38:04.853+0000] {subprocess.py:106} INFO - 	at org.apache.spark.sql.DataFrameReader.loadV1Source(DataFrameReader.scala:229)
[2026-01-09T04:38:04.854+0000] {subprocess.py:106} INFO - 	at org.apache.spark.sql.DataFrameReader.$anonfun$load$2(DataFrameReader.scala:211)
[2026-01-09T04:38:04.855+0000] {subprocess.py:106} INFO - 	at scala.Option.getOrElse(Option.scala:189)
[2026-01-09T04:38:04.856+0000] {subprocess.py:106} INFO - 	at org.apache.spark.sql.DataFrameReader.load(DataFrameReader.scala:211)
[2026-01-09T04:38:04.857+0000] {subprocess.py:106} INFO - 	at org.apache.spark.sql.DataFrameReader.csv(DataFrameReader.scala:538)
[2026-01-09T04:38:04.858+0000] {subprocess.py:106} INFO - 	at java.base/jdk.internal.reflect.NativeMethodAccessorImpl.invoke0(Native Method)
[2026-01-09T04:38:04.859+0000] {subprocess.py:106} INFO - 	at java.base/jdk.internal.reflect.NativeMethodAccessorImpl.invoke(NativeMethodAccessorImpl.java:77)
[2026-01-09T04:38:04.859+0000] {subprocess.py:106} INFO - 	at java.base/jdk.internal.reflect.DelegatingMethodAccessorImpl.invoke(DelegatingMethodAccessorImpl.java:43)
[2026-01-09T04:38:04.860+0000] {subprocess.py:106} INFO - 	at java.base/java.lang.reflect.Method.invoke(Method.java:569)
[2026-01-09T04:38:04.861+0000] {subprocess.py:106} INFO - 	at py4j.reflection.MethodInvoker.invoke(MethodInvoker.java:244)
[2026-01-09T04:38:04.862+0000] {subprocess.py:106} INFO - 	at py4j.reflection.ReflectionEngine.invoke(ReflectionEngine.java:374)
[2026-01-09T04:38:04.863+0000] {subprocess.py:106} INFO - 	at py4j.Gateway.invoke(Gateway.java:282)
[2026-01-09T04:38:04.864+0000] {subprocess.py:106} INFO - 	at py4j.commands.AbstractCommand.invokeMethod(AbstractCommand.java:132)
[2026-01-09T04:38:04.865+0000] {subprocess.py:106} INFO - 	at py4j.commands.CallCommand.execute(CallCommand.java:79)
[2026-01-09T04:38:04.866+0000] {subprocess.py:106} INFO - 	at py4j.ClientServerConnection.waitForCommands(ClientServerConnection.java:182)
[2026-01-09T04:38:04.867+0000] {subprocess.py:106} INFO - 	at py4j.ClientServerConnection.run(ClientServerConnection.java:106)
[2026-01-09T04:38:04.867+0000] {subprocess.py:106} INFO - 	at java.base/java.lang.Thread.run(Thread.java:840)
[2026-01-09T04:38:04.868+0000] {subprocess.py:106} INFO - Caused by: java.lang.ClassNotFoundException: Class org.apache.hadoop.fs.s3a.S3AFileSystem not found
[2026-01-09T04:38:04.869+0000] {subprocess.py:106} INFO - 	at org.apache.hadoop.conf.Configuration.getClassByName(Configuration.java:2592)
[2026-01-09T04:38:04.870+0000] {subprocess.py:106} INFO - 	at org.apache.hadoop.conf.Configuration.getClass(Configuration.java:2686)
[2026-01-09T04:38:04.871+0000] {subprocess.py:106} INFO - 	... 26 more
[2026-01-09T04:38:05.365+0000] {subprocess.py:106} INFO - ============================================================
[2026-01-09T04:38:05.366+0000] {subprocess.py:106} INFO - PAYMENTCHAIN TRANSACTION PROCESSOR (S3)
[2026-01-09T04:38:05.367+0000] {subprocess.py:106} INFO - ============================================================
[2026-01-09T04:38:05.368+0000] {subprocess.py:106} INFO - Spark Version: 3.5.0
[2026-01-09T04:38:05.369+0000] {subprocess.py:106} INFO - Input Bucket: s3a://***-paymentchain-dev-ben
[2026-01-09T04:38:05.370+0000] {subprocess.py:106} INFO - Output Bucket: s3a://***-paymentchain-output-ben
[2026-01-09T04:38:05.371+0000] {subprocess.py:106} INFO - ============================================================
[2026-01-09T04:38:05.372+0000] {subprocess.py:106} INFO - 
[2026-01-09T04:38:05.373+0000] {subprocess.py:106} INFO - [1/7] Loading data from S3...
[2026-01-09T04:38:05.374+0000] {subprocess.py:106} INFO - 
[2026-01-09T04:38:05.374+0000] {subprocess.py:106} INFO - ============================================================
[2026-01-09T04:38:05.375+0000] {subprocess.py:106} INFO - ‚ùå ERROR DURING PROCESSING
[2026-01-09T04:38:05.376+0000] {subprocess.py:106} INFO - ============================================================
[2026-01-09T04:38:05.377+0000] {subprocess.py:106} INFO - Error: An error occurred while calling o31.csv.
[2026-01-09T04:38:05.378+0000] {subprocess.py:106} INFO - : java.lang.RuntimeException: java.lang.ClassNotFoundException: Class org.apache.hadoop.fs.s3a.S3AFileSystem not found
[2026-01-09T04:38:05.379+0000] {subprocess.py:106} INFO - 	at org.apache.hadoop.conf.Configuration.getClass(Configuration.java:2688)
[2026-01-09T04:38:05.379+0000] {subprocess.py:106} INFO - 	at org.apache.hadoop.fs.FileSystem.getFileSystemClass(FileSystem.java:3431)
[2026-01-09T04:38:05.380+0000] {subprocess.py:106} INFO - 	at org.apache.hadoop.fs.FileSystem.createFileSystem(FileSystem.java:3466)
[2026-01-09T04:38:05.381+0000] {subprocess.py:106} INFO - 	at org.apache.hadoop.fs.FileSystem.access$300(FileSystem.java:174)
[2026-01-09T04:38:05.382+0000] {subprocess.py:106} INFO - 	at org.apache.hadoop.fs.FileSystem$Cache.getInternal(FileSystem.java:3574)
[2026-01-09T04:38:05.383+0000] {subprocess.py:106} INFO - 	at org.apache.hadoop.fs.FileSystem$Cache.get(FileSystem.java:3521)
[2026-01-09T04:38:05.384+0000] {subprocess.py:106} INFO - 	at org.apache.hadoop.fs.FileSystem.get(FileSystem.java:540)
[2026-01-09T04:38:05.384+0000] {subprocess.py:106} INFO - 	at org.apache.hadoop.fs.Path.getFileSystem(Path.java:365)
[2026-01-09T04:38:05.385+0000] {subprocess.py:106} INFO - 	at org.apache.spark.sql.execution.datasources.DataSource$.$anonfun$checkAndGlobPathIfNecessary$1(DataSource.scala:724)
[2026-01-09T04:38:05.386+0000] {subprocess.py:106} INFO - 	at scala.collection.immutable.List.map(List.scala:293)
[2026-01-09T04:38:05.387+0000] {subprocess.py:106} INFO - 	at org.apache.spark.sql.execution.datasources.DataSource$.checkAndGlobPathIfNecessary(DataSource.scala:722)
[2026-01-09T04:38:05.388+0000] {subprocess.py:106} INFO - 	at org.apache.spark.sql.execution.datasources.DataSource.checkAndGlobPathIfNecessary(DataSource.scala:551)
[2026-01-09T04:38:05.389+0000] {subprocess.py:106} INFO - 	at org.apache.spark.sql.execution.datasources.DataSource.resolveRelation(DataSource.scala:404)
[2026-01-09T04:38:05.389+0000] {subprocess.py:106} INFO - 	at org.apache.spark.sql.DataFrameReader.loadV1Source(DataFrameReader.scala:229)
[2026-01-09T04:38:05.390+0000] {subprocess.py:106} INFO - 	at org.apache.spark.sql.DataFrameReader.$anonfun$load$2(DataFrameReader.scala:211)
[2026-01-09T04:38:05.391+0000] {subprocess.py:106} INFO - 	at scala.Option.getOrElse(Option.scala:189)
[2026-01-09T04:38:05.392+0000] {subprocess.py:106} INFO - 	at org.apache.spark.sql.DataFrameReader.load(DataFrameReader.scala:211)
[2026-01-09T04:38:05.392+0000] {subprocess.py:106} INFO - 	at org.apache.spark.sql.DataFrameReader.csv(DataFrameReader.scala:538)
[2026-01-09T04:38:05.393+0000] {subprocess.py:106} INFO - 	at java.base/jdk.internal.reflect.NativeMethodAccessorImpl.invoke0(Native Method)
[2026-01-09T04:38:05.394+0000] {subprocess.py:106} INFO - 	at java.base/jdk.internal.reflect.NativeMethodAccessorImpl.invoke(NativeMethodAccessorImpl.java:77)
[2026-01-09T04:38:05.395+0000] {subprocess.py:106} INFO - 	at java.base/jdk.internal.reflect.DelegatingMethodAccessorImpl.invoke(DelegatingMethodAccessorImpl.java:43)
[2026-01-09T04:38:05.396+0000] {subprocess.py:106} INFO - 	at java.base/java.lang.reflect.Method.invoke(Method.java:569)
[2026-01-09T04:38:05.397+0000] {subprocess.py:106} INFO - 	at py4j.reflection.MethodInvoker.invoke(MethodInvoker.java:244)
[2026-01-09T04:38:05.397+0000] {subprocess.py:106} INFO - 	at py4j.reflection.ReflectionEngine.invoke(ReflectionEngine.java:374)
[2026-01-09T04:38:05.398+0000] {subprocess.py:106} INFO - 	at py4j.Gateway.invoke(Gateway.java:282)
[2026-01-09T04:38:05.399+0000] {subprocess.py:106} INFO - 	at py4j.commands.AbstractCommand.invokeMethod(AbstractCommand.java:132)
[2026-01-09T04:38:05.400+0000] {subprocess.py:106} INFO - 	at py4j.commands.CallCommand.execute(CallCommand.java:79)
[2026-01-09T04:38:05.401+0000] {subprocess.py:106} INFO - 	at py4j.ClientServerConnection.waitForCommands(ClientServerConnection.java:182)
[2026-01-09T04:38:05.402+0000] {subprocess.py:106} INFO - 	at py4j.ClientServerConnection.run(ClientServerConnection.java:106)
[2026-01-09T04:38:05.402+0000] {subprocess.py:106} INFO - 	at java.base/java.lang.Thread.run(Thread.java:840)
[2026-01-09T04:38:05.403+0000] {subprocess.py:106} INFO - Caused by: java.lang.ClassNotFoundException: Class org.apache.hadoop.fs.s3a.S3AFileSystem not found
[2026-01-09T04:38:05.404+0000] {subprocess.py:106} INFO - 	at org.apache.hadoop.conf.Configuration.getClassByName(Configuration.java:2592)
[2026-01-09T04:38:05.404+0000] {subprocess.py:106} INFO - 	at org.apache.hadoop.conf.Configuration.getClass(Configuration.java:2686)
[2026-01-09T04:38:05.405+0000] {subprocess.py:106} INFO - 	... 29 more
[2026-01-09T04:38:05.406+0000] {subprocess.py:106} INFO - 
[2026-01-09T04:38:05.407+0000] {subprocess.py:106} INFO - ============================================================
[2026-01-09T04:38:05.780+0000] {subprocess.py:110} INFO - Command exited with return code 1
[2026-01-09T04:38:05.795+0000] {taskinstance.py:3311} ERROR - Task failed with exception
Traceback (most recent call last):
  File "/home/airflow/.local/lib/python3.11/site-packages/airflow/models/taskinstance.py", line 767, in _execute_task
    result = _execute_callable(context=context, **execute_callable_kwargs)
             ^^^^^^^^^^^^^^^^^^^^^^^^^^^^^^^^^^^^^^^^^^^^^^^^^^^^^^^^^^^^^
  File "/home/airflow/.local/lib/python3.11/site-packages/airflow/models/taskinstance.py", line 733, in _execute_callable
    return ExecutionCallableRunner(
           ^^^^^^^^^^^^^^^^^^^^^^^^
  File "/home/airflow/.local/lib/python3.11/site-packages/airflow/utils/operator_helpers.py", line 252, in run
    return self.func(*args, **kwargs)
           ^^^^^^^^^^^^^^^^^^^^^^^^^^
  File "/home/airflow/.local/lib/python3.11/site-packages/airflow/models/baseoperator.py", line 422, in wrapper
    return func(self, *args, **kwargs)
           ^^^^^^^^^^^^^^^^^^^^^^^^^^^
  File "/home/airflow/.local/lib/python3.11/site-packages/airflow/operators/bash.py", line 276, in execute
    raise AirflowException(
airflow.exceptions.AirflowException: Bash command failed. The command returned a non-zero exit code 1.
[2026-01-09T04:38:05.804+0000] {logging_mixin.py:190} INFO - Task instance in failure state
[2026-01-09T04:38:05.806+0000] {logging_mixin.py:190} INFO - Task start:2026-01-09 04:38:00.821667+00:00 end:2026-01-09 04:38:05.804083+00:00 duration:4.982416
[2026-01-09T04:38:05.808+0000] {logging_mixin.py:190} INFO - Task:<Task(BashOperator): run_pyspark_processor> dag:<DAG: payment_processor> dagrun:<DagRun payment_processor @ 2026-01-09 04:37:58.790479+00:00: manual__2026-01-09T04:37:58.790479+00:00, state:running, queued_at: 2026-01-09 04:37:58.798693+00:00. externally triggered: True>
[2026-01-09T04:38:05.809+0000] {logging_mixin.py:190} INFO - Failure caused by Bash command failed. The command returned a non-zero exit code 1.
[2026-01-09T04:38:05.811+0000] {taskinstance.py:1225} INFO - Marking task as UP_FOR_RETRY. dag_id=payment_processor, task_id=run_pyspark_processor, run_id=manual__2026-01-09T04:37:58.790479+00:00, execution_date=20260109T043758, start_date=20260109T043800, end_date=20260109T043805
[2026-01-09T04:38:06.012+0000] {taskinstance.py:340} INFO - ::group::Post task execution logs
[2026-01-09T04:38:06.014+0000] {standard_task_runner.py:124} ERROR - Failed to execute job 13 for task run_pyspark_processor (Bash command failed. The command returned a non-zero exit code 1.; 845)
Traceback (most recent call last):
  File "/home/airflow/.local/lib/python3.11/site-packages/airflow/task/task_runner/standard_task_runner.py", line 117, in _start_by_fork
    ret = args.func(args, dag=self.dag)
          ^^^^^^^^^^^^^^^^^^^^^^^^^^^^^
  File "/home/airflow/.local/lib/python3.11/site-packages/airflow/cli/cli_config.py", line 49, in command
    return func(*args, **kwargs)
           ^^^^^^^^^^^^^^^^^^^^^
  File "/home/airflow/.local/lib/python3.11/site-packages/airflow/utils/cli.py", line 116, in wrapper
    return f(*args, **kwargs)
           ^^^^^^^^^^^^^^^^^^
  File "/home/airflow/.local/lib/python3.11/site-packages/airflow/cli/commands/task_command.py", line 483, in task_run
    task_return_code = _run_task_by_selected_method(args, _dag, ti)
                       ^^^^^^^^^^^^^^^^^^^^^^^^^^^^^^^^^^^^^^^^^^^^
  File "/home/airflow/.local/lib/python3.11/site-packages/airflow/cli/commands/task_command.py", line 256, in _run_task_by_selected_method
    return _run_raw_task(args, ti)
           ^^^^^^^^^^^^^^^^^^^^^^^
  File "/home/airflow/.local/lib/python3.11/site-packages/airflow/cli/commands/task_command.py", line 341, in _run_raw_task
    return ti._run_raw_task(
           ^^^^^^^^^^^^^^^^^
  File "/home/airflow/.local/lib/python3.11/site-packages/airflow/utils/session.py", line 97, in wrapper
    return func(*args, session=session, **kwargs)
           ^^^^^^^^^^^^^^^^^^^^^^^^^^^^^^^^^^^^^^
  File "/home/airflow/.local/lib/python3.11/site-packages/airflow/models/taskinstance.py", line 3005, in _run_raw_task
    return _run_raw_task(
           ^^^^^^^^^^^^^^
  File "/home/airflow/.local/lib/python3.11/site-packages/airflow/models/taskinstance.py", line 273, in _run_raw_task
    TaskInstance._execute_task_with_callbacks(
  File "/home/airflow/.local/lib/python3.11/site-packages/airflow/models/taskinstance.py", line 3159, in _execute_task_with_callbacks
    result = self._execute_task(context, task_orig)
             ^^^^^^^^^^^^^^^^^^^^^^^^^^^^^^^^^^^^^^
  File "/home/airflow/.local/lib/python3.11/site-packages/airflow/models/taskinstance.py", line 3183, in _execute_task
    return _execute_task(self, context, task_orig)
           ^^^^^^^^^^^^^^^^^^^^^^^^^^^^^^^^^^^^^^^
  File "/home/airflow/.local/lib/python3.11/site-packages/airflow/models/taskinstance.py", line 767, in _execute_task
    result = _execute_callable(context=context, **execute_callable_kwargs)
             ^^^^^^^^^^^^^^^^^^^^^^^^^^^^^^^^^^^^^^^^^^^^^^^^^^^^^^^^^^^^^
  File "/home/airflow/.local/lib/python3.11/site-packages/airflow/models/taskinstance.py", line 733, in _execute_callable
    return ExecutionCallableRunner(
           ^^^^^^^^^^^^^^^^^^^^^^^^
  File "/home/airflow/.local/lib/python3.11/site-packages/airflow/utils/operator_helpers.py", line 252, in run
    return self.func(*args, **kwargs)
           ^^^^^^^^^^^^^^^^^^^^^^^^^^
  File "/home/airflow/.local/lib/python3.11/site-packages/airflow/models/baseoperator.py", line 422, in wrapper
    return func(self, *args, **kwargs)
           ^^^^^^^^^^^^^^^^^^^^^^^^^^^
  File "/home/airflow/.local/lib/python3.11/site-packages/airflow/operators/bash.py", line 276, in execute
    raise AirflowException(
airflow.exceptions.AirflowException: Bash command failed. The command returned a non-zero exit code 1.
[2026-01-09T04:38:06.065+0000] {local_task_job_runner.py:266} INFO - Task exited with return code 1
[2026-01-09T04:38:06.081+0000] {taskinstance.py:3895} INFO - 0 downstream tasks scheduled from follow-on schedule check
[2026-01-09T04:38:06.084+0000] {local_task_job_runner.py:245} INFO - ::endgroup::
