[2026-01-08T15:58:24.032+0000] {local_task_job_runner.py:123} INFO - ::group::Pre task execution logs
[2026-01-08T15:58:24.045+0000] {taskinstance.py:2613} INFO - Dependencies all met for dep_context=non-requeueable deps ti=<TaskInstance: payment_processor.run_pyspark_processor manual__2026-01-08T15:58:19.710386+00:00 [queued]>
[2026-01-08T15:58:24.052+0000] {taskinstance.py:2613} INFO - Dependencies all met for dep_context=requeueable deps ti=<TaskInstance: payment_processor.run_pyspark_processor manual__2026-01-08T15:58:19.710386+00:00 [queued]>
[2026-01-08T15:58:24.054+0000] {taskinstance.py:2866} INFO - Starting attempt 1 of 2
[2026-01-08T15:58:24.067+0000] {taskinstance.py:2889} INFO - Executing <Task(BashOperator): run_pyspark_processor> on 2026-01-08 15:58:19.710386+00:00
[2026-01-08T15:58:24.073+0000] {standard_task_runner.py:72} INFO - Started process 100 to run task
[2026-01-08T15:58:24.077+0000] {standard_task_runner.py:104} INFO - Running: ['***', 'tasks', 'run', 'payment_processor', 'run_pyspark_processor', 'manual__2026-01-08T15:58:19.710386+00:00', '--job-id', '10', '--raw', '--subdir', 'DAGS_FOLDER/payment_batch_dag.py', '--cfg-path', '/tmp/tmp81i0ycjh']
[2026-01-08T15:58:24.079+0000] {standard_task_runner.py:105} INFO - Job 10: Subtask run_pyspark_processor
[2026-01-08T15:58:24.150+0000] {task_command.py:467} INFO - Running <TaskInstance: payment_processor.run_pyspark_processor manual__2026-01-08T15:58:19.710386+00:00 [running]> on host c6f18a09b3e5
[2026-01-08T15:58:24.509+0000] {taskinstance.py:3132} INFO - Exporting env vars: AIRFLOW_CTX_DAG_OWNER='hb' AIRFLOW_CTX_DAG_ID='payment_processor' AIRFLOW_CTX_TASK_ID='run_pyspark_processor' AIRFLOW_CTX_EXECUTION_DATE='2026-01-08T15:58:19.710386+00:00' AIRFLOW_CTX_TRY_NUMBER='1' AIRFLOW_CTX_DAG_RUN_ID='manual__2026-01-08T15:58:19.710386+00:00'
[2026-01-08T15:58:24.511+0000] {logging_mixin.py:190} INFO - Task instance is in running state
[2026-01-08T15:58:24.512+0000] {logging_mixin.py:190} INFO -  Previous state of the Task instance: queued
[2026-01-08T15:58:24.513+0000] {logging_mixin.py:190} INFO - Current task name:run_pyspark_processor state:running start_date:2026-01-08 15:58:24.047453+00:00
[2026-01-08T15:58:24.514+0000] {logging_mixin.py:190} INFO - Dag name:payment_processor and current dag run status:running
[2026-01-08T15:58:24.515+0000] {taskinstance.py:731} INFO - ::endgroup::
[2026-01-08T15:58:24.517+0000] {subprocess.py:78} INFO - Tmp dir root location: /tmp
[2026-01-08T15:58:24.518+0000] {subprocess.py:88} INFO - Running command: ['/usr/bin/bash', '-c', 'python /opt/***/scripts/process_transactions.py']
[2026-01-08T15:58:24.531+0000] {subprocess.py:99} INFO - Output:
[2026-01-08T15:58:26.487+0000] {subprocess.py:106} INFO - Setting default log level to "WARN".
[2026-01-08T15:58:26.489+0000] {subprocess.py:106} INFO - To adjust logging level use sc.setLogLevel(newLevel). For SparkR, use setLogLevel(newLevel).
[2026-01-08T15:58:26.679+0000] {subprocess.py:106} INFO - 26/01/08 15:58:26 WARN NativeCodeLoader: Unable to load native-hadoop library for your platform... using builtin-java classes where applicable
[2026-01-08T15:58:28.688+0000] {subprocess.py:106} INFO - ============================================================
[2026-01-08T15:58:28.690+0000] {subprocess.py:106} INFO - PAYMENTCHAIN TRANSACTION PROCESSOR
[2026-01-08T15:58:28.691+0000] {subprocess.py:106} INFO - ============================================================
[2026-01-08T15:58:28.693+0000] {subprocess.py:106} INFO - Spark Version: 3.5.0
[2026-01-08T15:58:28.694+0000] {subprocess.py:106} INFO - Start Time: 2026-01-08 15:58:27.876782
[2026-01-08T15:58:28.695+0000] {subprocess.py:106} INFO - ============================================================
[2026-01-08T15:58:28.696+0000] {subprocess.py:106} INFO - 
[2026-01-08T15:58:28.697+0000] {subprocess.py:106} INFO - [1/7] Loading data...
[2026-01-08T15:58:28.698+0000] {subprocess.py:106} INFO - Traceback (most recent call last):
[2026-01-08T15:58:28.699+0000] {subprocess.py:106} INFO -   File "/opt/***/scripts/process_transactions.py", line 29, in <module>
[2026-01-08T15:58:28.700+0000] {subprocess.py:106} INFO -     df_txn = spark.read.csv(
[2026-01-08T15:58:28.702+0000] {subprocess.py:106} INFO -              ^^^^^^^^^^^^^^^
[2026-01-08T15:58:28.703+0000] {subprocess.py:106} INFO -   File "/home/***/.local/lib/python3.11/site-packages/pyspark/sql/readwriter.py", line 740, in csv
[2026-01-08T15:58:28.704+0000] {subprocess.py:106} INFO -     return self._df(self._jreader.csv(self._spark._sc._jvm.PythonUtils.toSeq(path)))
[2026-01-08T15:58:28.705+0000] {subprocess.py:106} INFO -                     ^^^^^^^^^^^^^^^^^^^^^^^^^^^^^^^^^^^^^^^^^^^^^^^^^^^^^^^^^^^^^^^
[2026-01-08T15:58:28.705+0000] {subprocess.py:106} INFO -   File "/home/***/.local/lib/python3.11/site-packages/py4j/java_gateway.py", line 1322, in __call__
[2026-01-08T15:58:28.706+0000] {subprocess.py:106} INFO -     return_value = get_return_value(
[2026-01-08T15:58:28.707+0000] {subprocess.py:106} INFO -                    ^^^^^^^^^^^^^^^^^
[2026-01-08T15:58:28.708+0000] {subprocess.py:106} INFO -   File "/home/***/.local/lib/python3.11/site-packages/pyspark/errors/exceptions/captured.py", line 185, in deco
[2026-01-08T15:58:28.709+0000] {subprocess.py:106} INFO -     raise converted from None
[2026-01-08T15:58:28.710+0000] {subprocess.py:106} INFO - pyspark.errors.exceptions.captured.AnalysisException: [PATH_NOT_FOUND] Path does not exist: file:/tmp/***tmp2zwxn0qb/data/transactions.csv.
[2026-01-08T15:58:29.141+0000] {subprocess.py:110} INFO - Command exited with return code 1
[2026-01-08T15:58:29.151+0000] {taskinstance.py:3311} ERROR - Task failed with exception
Traceback (most recent call last):
  File "/home/airflow/.local/lib/python3.11/site-packages/airflow/models/taskinstance.py", line 767, in _execute_task
    result = _execute_callable(context=context, **execute_callable_kwargs)
             ^^^^^^^^^^^^^^^^^^^^^^^^^^^^^^^^^^^^^^^^^^^^^^^^^^^^^^^^^^^^^
  File "/home/airflow/.local/lib/python3.11/site-packages/airflow/models/taskinstance.py", line 733, in _execute_callable
    return ExecutionCallableRunner(
           ^^^^^^^^^^^^^^^^^^^^^^^^
  File "/home/airflow/.local/lib/python3.11/site-packages/airflow/utils/operator_helpers.py", line 252, in run
    return self.func(*args, **kwargs)
           ^^^^^^^^^^^^^^^^^^^^^^^^^^
  File "/home/airflow/.local/lib/python3.11/site-packages/airflow/models/baseoperator.py", line 422, in wrapper
    return func(self, *args, **kwargs)
           ^^^^^^^^^^^^^^^^^^^^^^^^^^^
  File "/home/airflow/.local/lib/python3.11/site-packages/airflow/operators/bash.py", line 276, in execute
    raise AirflowException(
airflow.exceptions.AirflowException: Bash command failed. The command returned a non-zero exit code 1.
[2026-01-08T15:58:29.158+0000] {logging_mixin.py:190} INFO - Task instance in failure state
[2026-01-08T15:58:29.159+0000] {logging_mixin.py:190} INFO - Task start:2026-01-08 15:58:24.047453+00:00 end:2026-01-08 15:58:29.158247+00:00 duration:5.110794
[2026-01-08T15:58:29.161+0000] {logging_mixin.py:190} INFO - Task:<Task(BashOperator): run_pyspark_processor> dag:<DAG: payment_processor> dagrun:<DagRun payment_processor @ 2026-01-08 15:58:19.710386+00:00: manual__2026-01-08T15:58:19.710386+00:00, state:running, queued_at: 2026-01-08 15:58:20.088341+00:00. externally triggered: True>
[2026-01-08T15:58:29.162+0000] {logging_mixin.py:190} INFO - Failure caused by Bash command failed. The command returned a non-zero exit code 1.
[2026-01-08T15:58:29.163+0000] {taskinstance.py:1225} INFO - Marking task as UP_FOR_RETRY. dag_id=payment_processor, task_id=run_pyspark_processor, run_id=manual__2026-01-08T15:58:19.710386+00:00, execution_date=20260108T155819, start_date=20260108T155824, end_date=20260108T155829
[2026-01-08T15:58:29.176+0000] {taskinstance.py:340} INFO - ::group::Post task execution logs
[2026-01-08T15:58:29.177+0000] {standard_task_runner.py:124} ERROR - Failed to execute job 10 for task run_pyspark_processor (Bash command failed. The command returned a non-zero exit code 1.; 100)
Traceback (most recent call last):
  File "/home/airflow/.local/lib/python3.11/site-packages/airflow/task/task_runner/standard_task_runner.py", line 117, in _start_by_fork
    ret = args.func(args, dag=self.dag)
          ^^^^^^^^^^^^^^^^^^^^^^^^^^^^^
  File "/home/airflow/.local/lib/python3.11/site-packages/airflow/cli/cli_config.py", line 49, in command
    return func(*args, **kwargs)
           ^^^^^^^^^^^^^^^^^^^^^
  File "/home/airflow/.local/lib/python3.11/site-packages/airflow/utils/cli.py", line 116, in wrapper
    return f(*args, **kwargs)
           ^^^^^^^^^^^^^^^^^^
  File "/home/airflow/.local/lib/python3.11/site-packages/airflow/cli/commands/task_command.py", line 483, in task_run
    task_return_code = _run_task_by_selected_method(args, _dag, ti)
                       ^^^^^^^^^^^^^^^^^^^^^^^^^^^^^^^^^^^^^^^^^^^^
  File "/home/airflow/.local/lib/python3.11/site-packages/airflow/cli/commands/task_command.py", line 256, in _run_task_by_selected_method
    return _run_raw_task(args, ti)
           ^^^^^^^^^^^^^^^^^^^^^^^
  File "/home/airflow/.local/lib/python3.11/site-packages/airflow/cli/commands/task_command.py", line 341, in _run_raw_task
    return ti._run_raw_task(
           ^^^^^^^^^^^^^^^^^
  File "/home/airflow/.local/lib/python3.11/site-packages/airflow/utils/session.py", line 97, in wrapper
    return func(*args, session=session, **kwargs)
           ^^^^^^^^^^^^^^^^^^^^^^^^^^^^^^^^^^^^^^
  File "/home/airflow/.local/lib/python3.11/site-packages/airflow/models/taskinstance.py", line 3005, in _run_raw_task
    return _run_raw_task(
           ^^^^^^^^^^^^^^
  File "/home/airflow/.local/lib/python3.11/site-packages/airflow/models/taskinstance.py", line 273, in _run_raw_task
    TaskInstance._execute_task_with_callbacks(
  File "/home/airflow/.local/lib/python3.11/site-packages/airflow/models/taskinstance.py", line 3159, in _execute_task_with_callbacks
    result = self._execute_task(context, task_orig)
             ^^^^^^^^^^^^^^^^^^^^^^^^^^^^^^^^^^^^^^
  File "/home/airflow/.local/lib/python3.11/site-packages/airflow/models/taskinstance.py", line 3183, in _execute_task
    return _execute_task(self, context, task_orig)
           ^^^^^^^^^^^^^^^^^^^^^^^^^^^^^^^^^^^^^^^
  File "/home/airflow/.local/lib/python3.11/site-packages/airflow/models/taskinstance.py", line 767, in _execute_task
    result = _execute_callable(context=context, **execute_callable_kwargs)
             ^^^^^^^^^^^^^^^^^^^^^^^^^^^^^^^^^^^^^^^^^^^^^^^^^^^^^^^^^^^^^
  File "/home/airflow/.local/lib/python3.11/site-packages/airflow/models/taskinstance.py", line 733, in _execute_callable
    return ExecutionCallableRunner(
           ^^^^^^^^^^^^^^^^^^^^^^^^
  File "/home/airflow/.local/lib/python3.11/site-packages/airflow/utils/operator_helpers.py", line 252, in run
    return self.func(*args, **kwargs)
           ^^^^^^^^^^^^^^^^^^^^^^^^^^
  File "/home/airflow/.local/lib/python3.11/site-packages/airflow/models/baseoperator.py", line 422, in wrapper
    return func(self, *args, **kwargs)
           ^^^^^^^^^^^^^^^^^^^^^^^^^^^
  File "/home/airflow/.local/lib/python3.11/site-packages/airflow/operators/bash.py", line 276, in execute
    raise AirflowException(
airflow.exceptions.AirflowException: Bash command failed. The command returned a non-zero exit code 1.
[2026-01-08T15:58:29.213+0000] {local_task_job_runner.py:266} INFO - Task exited with return code 1
[2026-01-08T15:58:29.231+0000] {taskinstance.py:3895} INFO - 0 downstream tasks scheduled from follow-on schedule check
[2026-01-08T15:58:29.235+0000] {local_task_job_runner.py:245} INFO - ::endgroup::
