[2026-01-08T16:03:30.672+0000] {local_task_job_runner.py:123} INFO - ::group::Pre task execution logs
[2026-01-08T16:03:30.687+0000] {taskinstance.py:2613} INFO - Dependencies all met for dep_context=non-requeueable deps ti=<TaskInstance: payment_processor.run_pyspark_processor manual__2026-01-08T15:58:19.710386+00:00 [queued]>
[2026-01-08T16:03:30.695+0000] {taskinstance.py:2613} INFO - Dependencies all met for dep_context=requeueable deps ti=<TaskInstance: payment_processor.run_pyspark_processor manual__2026-01-08T15:58:19.710386+00:00 [queued]>
[2026-01-08T16:03:30.697+0000] {taskinstance.py:2866} INFO - Starting attempt 2 of 2
[2026-01-08T16:03:30.711+0000] {taskinstance.py:2889} INFO - Executing <Task(BashOperator): run_pyspark_processor> on 2026-01-08 15:58:19.710386+00:00
[2026-01-08T16:03:30.719+0000] {standard_task_runner.py:72} INFO - Started process 363 to run task
[2026-01-08T16:03:30.722+0000] {standard_task_runner.py:104} INFO - Running: ['***', 'tasks', 'run', 'payment_processor', 'run_pyspark_processor', 'manual__2026-01-08T15:58:19.710386+00:00', '--job-id', '11', '--raw', '--subdir', 'DAGS_FOLDER/payment_batch_dag.py', '--cfg-path', '/tmp/tmpl8sq6agf']
[2026-01-08T16:03:30.725+0000] {standard_task_runner.py:105} INFO - Job 11: Subtask run_pyspark_processor
[2026-01-08T16:03:30.788+0000] {task_command.py:467} INFO - Running <TaskInstance: payment_processor.run_pyspark_processor manual__2026-01-08T15:58:19.710386+00:00 [running]> on host c6f18a09b3e5
[2026-01-08T16:03:30.859+0000] {taskinstance.py:3132} INFO - Exporting env vars: AIRFLOW_CTX_DAG_OWNER='hb' AIRFLOW_CTX_DAG_ID='payment_processor' AIRFLOW_CTX_TASK_ID='run_pyspark_processor' AIRFLOW_CTX_EXECUTION_DATE='2026-01-08T15:58:19.710386+00:00' AIRFLOW_CTX_TRY_NUMBER='2' AIRFLOW_CTX_DAG_RUN_ID='manual__2026-01-08T15:58:19.710386+00:00'
[2026-01-08T16:03:30.862+0000] {logging_mixin.py:190} INFO - Task instance is in running state
[2026-01-08T16:03:30.863+0000] {logging_mixin.py:190} INFO -  Previous state of the Task instance: queued
[2026-01-08T16:03:30.864+0000] {logging_mixin.py:190} INFO - Current task name:run_pyspark_processor state:running start_date:2026-01-08 16:03:30.689778+00:00
[2026-01-08T16:03:30.865+0000] {logging_mixin.py:190} INFO - Dag name:payment_processor and current dag run status:running
[2026-01-08T16:03:30.866+0000] {taskinstance.py:731} INFO - ::endgroup::
[2026-01-08T16:03:30.868+0000] {subprocess.py:78} INFO - Tmp dir root location: /tmp
[2026-01-08T16:03:30.870+0000] {subprocess.py:88} INFO - Running command: ['/usr/bin/bash', '-c', 'python /opt/***/scripts/process_transactions.py']
[2026-01-08T16:03:30.881+0000] {subprocess.py:99} INFO - Output:
[2026-01-08T16:03:32.753+0000] {subprocess.py:106} INFO - Setting default log level to "WARN".
[2026-01-08T16:03:32.755+0000] {subprocess.py:106} INFO - To adjust logging level use sc.setLogLevel(newLevel). For SparkR, use setLogLevel(newLevel).
[2026-01-08T16:03:32.927+0000] {subprocess.py:106} INFO - 26/01/08 16:03:32 WARN NativeCodeLoader: Unable to load native-hadoop library for your platform... using builtin-java classes where applicable
[2026-01-08T16:03:34.931+0000] {subprocess.py:106} INFO - ============================================================
[2026-01-08T16:03:34.933+0000] {subprocess.py:106} INFO - PAYMENTCHAIN TRANSACTION PROCESSOR
[2026-01-08T16:03:34.934+0000] {subprocess.py:106} INFO - ============================================================
[2026-01-08T16:03:34.936+0000] {subprocess.py:106} INFO - Spark Version: 3.5.0
[2026-01-08T16:03:34.937+0000] {subprocess.py:106} INFO - Start Time: 2026-01-08 16:03:33.999695
[2026-01-08T16:03:34.938+0000] {subprocess.py:106} INFO - ============================================================
[2026-01-08T16:03:34.939+0000] {subprocess.py:106} INFO - 
[2026-01-08T16:03:34.940+0000] {subprocess.py:106} INFO - [1/7] Loading data...
[2026-01-08T16:03:34.941+0000] {subprocess.py:106} INFO - Traceback (most recent call last):
[2026-01-08T16:03:34.943+0000] {subprocess.py:106} INFO -   File "/opt/***/scripts/process_transactions.py", line 29, in <module>
[2026-01-08T16:03:34.944+0000] {subprocess.py:106} INFO -     df_txn = spark.read.csv(
[2026-01-08T16:03:34.945+0000] {subprocess.py:106} INFO -              ^^^^^^^^^^^^^^^
[2026-01-08T16:03:34.951+0000] {subprocess.py:106} INFO -   File "/home/***/.local/lib/python3.11/site-packages/pyspark/sql/readwriter.py", line 740, in csv
[2026-01-08T16:03:34.952+0000] {subprocess.py:106} INFO -     return self._df(self._jreader.csv(self._spark._sc._jvm.PythonUtils.toSeq(path)))
[2026-01-08T16:03:34.953+0000] {subprocess.py:106} INFO -                     ^^^^^^^^^^^^^^^^^^^^^^^^^^^^^^^^^^^^^^^^^^^^^^^^^^^^^^^^^^^^^^^
[2026-01-08T16:03:34.955+0000] {subprocess.py:106} INFO -   File "/home/***/.local/lib/python3.11/site-packages/py4j/java_gateway.py", line 1322, in __call__
[2026-01-08T16:03:34.956+0000] {subprocess.py:106} INFO -     return_value = get_return_value(
[2026-01-08T16:03:34.957+0000] {subprocess.py:106} INFO -                    ^^^^^^^^^^^^^^^^^
[2026-01-08T16:03:34.959+0000] {subprocess.py:106} INFO -   File "/home/***/.local/lib/python3.11/site-packages/pyspark/errors/exceptions/captured.py", line 185, in deco
[2026-01-08T16:03:34.960+0000] {subprocess.py:106} INFO -     raise converted from None
[2026-01-08T16:03:34.962+0000] {subprocess.py:106} INFO - pyspark.errors.exceptions.captured.AnalysisException: [PATH_NOT_FOUND] Path does not exist: file:/tmp/***tmpuvflxr3i/data/transactions.csv.
[2026-01-08T16:03:34.672+0000] {subprocess.py:110} INFO - Command exited with return code 1
[2026-01-08T16:03:34.688+0000] {taskinstance.py:3311} ERROR - Task failed with exception
Traceback (most recent call last):
  File "/home/airflow/.local/lib/python3.11/site-packages/airflow/models/taskinstance.py", line 767, in _execute_task
    result = _execute_callable(context=context, **execute_callable_kwargs)
             ^^^^^^^^^^^^^^^^^^^^^^^^^^^^^^^^^^^^^^^^^^^^^^^^^^^^^^^^^^^^^
  File "/home/airflow/.local/lib/python3.11/site-packages/airflow/models/taskinstance.py", line 733, in _execute_callable
    return ExecutionCallableRunner(
           ^^^^^^^^^^^^^^^^^^^^^^^^
  File "/home/airflow/.local/lib/python3.11/site-packages/airflow/utils/operator_helpers.py", line 252, in run
    return self.func(*args, **kwargs)
           ^^^^^^^^^^^^^^^^^^^^^^^^^^
  File "/home/airflow/.local/lib/python3.11/site-packages/airflow/models/baseoperator.py", line 422, in wrapper
    return func(self, *args, **kwargs)
           ^^^^^^^^^^^^^^^^^^^^^^^^^^^
  File "/home/airflow/.local/lib/python3.11/site-packages/airflow/operators/bash.py", line 276, in execute
    raise AirflowException(
airflow.exceptions.AirflowException: Bash command failed. The command returned a non-zero exit code 1.
[2026-01-08T16:03:34.694+0000] {logging_mixin.py:190} INFO - Task instance in failure state
[2026-01-08T16:03:34.696+0000] {logging_mixin.py:190} INFO - Task start:2026-01-08 16:03:30.689778+00:00 end:2026-01-08 16:03:34.694018+00:00 duration:4.00424
[2026-01-08T16:03:34.697+0000] {logging_mixin.py:190} INFO - Task:<Task(BashOperator): run_pyspark_processor> dag:<DAG: payment_processor> dagrun:<DagRun payment_processor @ 2026-01-08 15:58:19.710386+00:00: manual__2026-01-08T15:58:19.710386+00:00, state:running, queued_at: 2026-01-08 15:58:20.088341+00:00. externally triggered: True>
[2026-01-08T16:03:34.699+0000] {logging_mixin.py:190} INFO - Failure caused by Bash command failed. The command returned a non-zero exit code 1.
[2026-01-08T16:03:34.700+0000] {taskinstance.py:1225} INFO - Marking task as FAILED. dag_id=payment_processor, task_id=run_pyspark_processor, run_id=manual__2026-01-08T15:58:19.710386+00:00, execution_date=20260108T155819, start_date=20260108T160330, end_date=20260108T160334
[2026-01-08T16:03:34.716+0000] {taskinstance.py:340} INFO - ::group::Post task execution logs
[2026-01-08T16:03:34.718+0000] {standard_task_runner.py:124} ERROR - Failed to execute job 11 for task run_pyspark_processor (Bash command failed. The command returned a non-zero exit code 1.; 363)
Traceback (most recent call last):
  File "/home/airflow/.local/lib/python3.11/site-packages/airflow/task/task_runner/standard_task_runner.py", line 117, in _start_by_fork
    ret = args.func(args, dag=self.dag)
          ^^^^^^^^^^^^^^^^^^^^^^^^^^^^^
  File "/home/airflow/.local/lib/python3.11/site-packages/airflow/cli/cli_config.py", line 49, in command
    return func(*args, **kwargs)
           ^^^^^^^^^^^^^^^^^^^^^
  File "/home/airflow/.local/lib/python3.11/site-packages/airflow/utils/cli.py", line 116, in wrapper
    return f(*args, **kwargs)
           ^^^^^^^^^^^^^^^^^^
  File "/home/airflow/.local/lib/python3.11/site-packages/airflow/cli/commands/task_command.py", line 483, in task_run
    task_return_code = _run_task_by_selected_method(args, _dag, ti)
                       ^^^^^^^^^^^^^^^^^^^^^^^^^^^^^^^^^^^^^^^^^^^^
  File "/home/airflow/.local/lib/python3.11/site-packages/airflow/cli/commands/task_command.py", line 256, in _run_task_by_selected_method
    return _run_raw_task(args, ti)
           ^^^^^^^^^^^^^^^^^^^^^^^
  File "/home/airflow/.local/lib/python3.11/site-packages/airflow/cli/commands/task_command.py", line 341, in _run_raw_task
    return ti._run_raw_task(
           ^^^^^^^^^^^^^^^^^
  File "/home/airflow/.local/lib/python3.11/site-packages/airflow/utils/session.py", line 97, in wrapper
    return func(*args, session=session, **kwargs)
           ^^^^^^^^^^^^^^^^^^^^^^^^^^^^^^^^^^^^^^
  File "/home/airflow/.local/lib/python3.11/site-packages/airflow/models/taskinstance.py", line 3005, in _run_raw_task
    return _run_raw_task(
           ^^^^^^^^^^^^^^
  File "/home/airflow/.local/lib/python3.11/site-packages/airflow/models/taskinstance.py", line 273, in _run_raw_task
    TaskInstance._execute_task_with_callbacks(
  File "/home/airflow/.local/lib/python3.11/site-packages/airflow/models/taskinstance.py", line 3159, in _execute_task_with_callbacks
    result = self._execute_task(context, task_orig)
             ^^^^^^^^^^^^^^^^^^^^^^^^^^^^^^^^^^^^^^
  File "/home/airflow/.local/lib/python3.11/site-packages/airflow/models/taskinstance.py", line 3183, in _execute_task
    return _execute_task(self, context, task_orig)
           ^^^^^^^^^^^^^^^^^^^^^^^^^^^^^^^^^^^^^^^
  File "/home/airflow/.local/lib/python3.11/site-packages/airflow/models/taskinstance.py", line 767, in _execute_task
    result = _execute_callable(context=context, **execute_callable_kwargs)
             ^^^^^^^^^^^^^^^^^^^^^^^^^^^^^^^^^^^^^^^^^^^^^^^^^^^^^^^^^^^^^
  File "/home/airflow/.local/lib/python3.11/site-packages/airflow/models/taskinstance.py", line 733, in _execute_callable
    return ExecutionCallableRunner(
           ^^^^^^^^^^^^^^^^^^^^^^^^
  File "/home/airflow/.local/lib/python3.11/site-packages/airflow/utils/operator_helpers.py", line 252, in run
    return self.func(*args, **kwargs)
           ^^^^^^^^^^^^^^^^^^^^^^^^^^
  File "/home/airflow/.local/lib/python3.11/site-packages/airflow/models/baseoperator.py", line 422, in wrapper
    return func(self, *args, **kwargs)
           ^^^^^^^^^^^^^^^^^^^^^^^^^^^
  File "/home/airflow/.local/lib/python3.11/site-packages/airflow/operators/bash.py", line 276, in execute
    raise AirflowException(
airflow.exceptions.AirflowException: Bash command failed. The command returned a non-zero exit code 1.
[2026-01-08T16:03:34.738+0000] {local_task_job_runner.py:266} INFO - Task exited with return code 1
[2026-01-08T16:03:34.766+0000] {taskinstance.py:3895} INFO - 0 downstream tasks scheduled from follow-on schedule check
[2026-01-08T16:03:34.772+0000] {local_task_job_runner.py:245} INFO - ::endgroup::
