[2026-01-09T04:23:02.952+0000] {local_task_job_runner.py:123} INFO - ::group::Pre task execution logs
[2026-01-09T04:23:02.967+0000] {taskinstance.py:2613} INFO - Dependencies all met for dep_context=non-requeueable deps ti=<TaskInstance: payment_processor.run_pyspark_processor manual__2026-01-09T04:22:59.841422+00:00 [queued]>
[2026-01-09T04:23:02.973+0000] {taskinstance.py:2613} INFO - Dependencies all met for dep_context=requeueable deps ti=<TaskInstance: payment_processor.run_pyspark_processor manual__2026-01-09T04:22:59.841422+00:00 [queued]>
[2026-01-09T04:23:02.974+0000] {taskinstance.py:2866} INFO - Starting attempt 1 of 2
[2026-01-09T04:23:02.985+0000] {taskinstance.py:2889} INFO - Executing <Task(BashOperator): run_pyspark_processor> on 2026-01-09 04:22:59.841422+00:00
[2026-01-09T04:23:02.991+0000] {standard_task_runner.py:72} INFO - Started process 84 to run task
[2026-01-09T04:23:02.994+0000] {standard_task_runner.py:104} INFO - Running: ['***', 'tasks', 'run', 'payment_processor', 'run_pyspark_processor', 'manual__2026-01-09T04:22:59.841422+00:00', '--job-id', '11', '--raw', '--subdir', 'DAGS_FOLDER/payment_batch_dag.py', '--cfg-path', '/tmp/tmpjkx5yn_b']
[2026-01-09T04:23:02.997+0000] {standard_task_runner.py:105} INFO - Job 11: Subtask run_pyspark_processor
[2026-01-09T04:23:03.052+0000] {task_command.py:467} INFO - Running <TaskInstance: payment_processor.run_pyspark_processor manual__2026-01-09T04:22:59.841422+00:00 [running]> on host 30213ec4962e
[2026-01-09T04:23:03.328+0000] {taskinstance.py:3132} INFO - Exporting env vars: AIRFLOW_CTX_DAG_OWNER='benas' AIRFLOW_CTX_DAG_ID='payment_processor' AIRFLOW_CTX_TASK_ID='run_pyspark_processor' AIRFLOW_CTX_EXECUTION_DATE='2026-01-09T04:22:59.841422+00:00' AIRFLOW_CTX_TRY_NUMBER='1' AIRFLOW_CTX_DAG_RUN_ID='manual__2026-01-09T04:22:59.841422+00:00'
[2026-01-09T04:23:03.329+0000] {logging_mixin.py:190} INFO - Task instance is in running state
[2026-01-09T04:23:03.330+0000] {logging_mixin.py:190} INFO -  Previous state of the Task instance: queued
[2026-01-09T04:23:03.331+0000] {logging_mixin.py:190} INFO - Current task name:run_pyspark_processor state:running start_date:2026-01-09 04:23:02.968590+00:00
[2026-01-09T04:23:03.331+0000] {logging_mixin.py:190} INFO - Dag name:payment_processor and current dag run status:running
[2026-01-09T04:23:03.332+0000] {taskinstance.py:731} INFO - ::endgroup::
[2026-01-09T04:23:03.333+0000] {subprocess.py:78} INFO - Tmp dir root location: /tmp
[2026-01-09T04:23:03.334+0000] {subprocess.py:88} INFO - Running command: ['/usr/bin/bash', '-c', 'cd /opt/***/payment_processor && python process_transactions.py']
[2026-01-09T04:23:03.346+0000] {subprocess.py:99} INFO - Output:
[2026-01-09T04:23:03.917+0000] {subprocess.py:106} INFO - /home/***/.local/lib/python3.11/site-packages/pyspark/bin/load-spark-env.sh: line 68: ps: command not found
[2026-01-09T04:23:05.409+0000] {subprocess.py:106} INFO - 26/01/09 04:23:05 WARN NativeCodeLoader: Unable to load native-hadoop library for your platform... using builtin-java classes where applicable
[2026-01-09T04:23:05.610+0000] {subprocess.py:106} INFO - Setting default log level to "WARN".
[2026-01-09T04:23:05.611+0000] {subprocess.py:106} INFO - To adjust logging level use sc.setLogLevel(newLevel). For SparkR, use setLogLevel(newLevel).
[2026-01-09T04:23:09.830+0000] {subprocess.py:106} INFO - 26/01/09 04:23:09 WARN MetricsConfig: Cannot locate configuration: tried hadoop-metrics2-s3a-file-system.properties,hadoop-metrics2.properties
[2026-01-09T04:23:18.563+0000] {subprocess.py:106} INFO - [Stage 1:>                                                          (0 + 1) / 1]                                                                                ============================================================
[2026-01-09T04:23:18.564+0000] {subprocess.py:106} INFO - PAYMENTCHAIN TRANSACTION PROCESSOR (S3)
[2026-01-09T04:23:18.565+0000] {subprocess.py:106} INFO - ============================================================
[2026-01-09T04:23:18.566+0000] {subprocess.py:106} INFO - Spark Version: 3.5.0
[2026-01-09T04:23:18.567+0000] {subprocess.py:106} INFO - Input Bucket: s3a://***-paymentchain-dev-ben
[2026-01-09T04:23:18.567+0000] {subprocess.py:106} INFO - Output Bucket: s3a://***-paymentchain-output-ben
[2026-01-09T04:23:18.568+0000] {subprocess.py:106} INFO - ============================================================
[2026-01-09T04:23:18.569+0000] {subprocess.py:106} INFO - 
[2026-01-09T04:23:18.570+0000] {subprocess.py:106} INFO - [1/7] Loading data from S3...
[2026-01-09T04:23:18.571+0000] {subprocess.py:106} INFO - 
[2026-01-09T04:23:18.571+0000] {subprocess.py:106} INFO - ============================================================
[2026-01-09T04:23:18.572+0000] {subprocess.py:106} INFO - ‚ùå ERROR DURING PROCESSING
[2026-01-09T04:23:18.573+0000] {subprocess.py:106} INFO - ============================================================
[2026-01-09T04:23:18.574+0000] {subprocess.py:106} INFO - Error: [PATH_NOT_FOUND] Path does not exist: s3a://***-paymentchain-dev-ben/exchange_rates.csv.
[2026-01-09T04:23:18.575+0000] {subprocess.py:106} INFO - ============================================================
[2026-01-09T04:23:18.978+0000] {subprocess.py:110} INFO - Command exited with return code 1
[2026-01-09T04:23:18.991+0000] {taskinstance.py:3311} ERROR - Task failed with exception
Traceback (most recent call last):
  File "/home/airflow/.local/lib/python3.11/site-packages/airflow/models/taskinstance.py", line 767, in _execute_task
    result = _execute_callable(context=context, **execute_callable_kwargs)
             ^^^^^^^^^^^^^^^^^^^^^^^^^^^^^^^^^^^^^^^^^^^^^^^^^^^^^^^^^^^^^
  File "/home/airflow/.local/lib/python3.11/site-packages/airflow/models/taskinstance.py", line 733, in _execute_callable
    return ExecutionCallableRunner(
           ^^^^^^^^^^^^^^^^^^^^^^^^
  File "/home/airflow/.local/lib/python3.11/site-packages/airflow/utils/operator_helpers.py", line 252, in run
    return self.func(*args, **kwargs)
           ^^^^^^^^^^^^^^^^^^^^^^^^^^
  File "/home/airflow/.local/lib/python3.11/site-packages/airflow/models/baseoperator.py", line 422, in wrapper
    return func(self, *args, **kwargs)
           ^^^^^^^^^^^^^^^^^^^^^^^^^^^
  File "/home/airflow/.local/lib/python3.11/site-packages/airflow/operators/bash.py", line 276, in execute
    raise AirflowException(
airflow.exceptions.AirflowException: Bash command failed. The command returned a non-zero exit code 1.
[2026-01-09T04:23:18.998+0000] {logging_mixin.py:190} INFO - Task instance in failure state
[2026-01-09T04:23:19.000+0000] {logging_mixin.py:190} INFO - Task start:2026-01-09 04:23:02.968590+00:00 end:2026-01-09 04:23:18.998510+00:00 duration:16.02992
[2026-01-09T04:23:19.001+0000] {logging_mixin.py:190} INFO - Task:<Task(BashOperator): run_pyspark_processor> dag:<DAG: payment_processor> dagrun:<DagRun payment_processor @ 2026-01-09 04:22:59.841422+00:00: manual__2026-01-09T04:22:59.841422+00:00, state:running, queued_at: 2026-01-09 04:22:59.853645+00:00. externally triggered: True>
[2026-01-09T04:23:19.002+0000] {logging_mixin.py:190} INFO - Failure caused by Bash command failed. The command returned a non-zero exit code 1.
[2026-01-09T04:23:19.002+0000] {taskinstance.py:1225} INFO - Marking task as UP_FOR_RETRY. dag_id=payment_processor, task_id=run_pyspark_processor, run_id=manual__2026-01-09T04:22:59.841422+00:00, execution_date=20260109T042259, start_date=20260109T042302, end_date=20260109T042318
[2026-01-09T04:23:19.015+0000] {taskinstance.py:340} INFO - ::group::Post task execution logs
[2026-01-09T04:23:19.016+0000] {standard_task_runner.py:124} ERROR - Failed to execute job 11 for task run_pyspark_processor (Bash command failed. The command returned a non-zero exit code 1.; 84)
Traceback (most recent call last):
  File "/home/airflow/.local/lib/python3.11/site-packages/airflow/task/task_runner/standard_task_runner.py", line 117, in _start_by_fork
    ret = args.func(args, dag=self.dag)
          ^^^^^^^^^^^^^^^^^^^^^^^^^^^^^
  File "/home/airflow/.local/lib/python3.11/site-packages/airflow/cli/cli_config.py", line 49, in command
    return func(*args, **kwargs)
           ^^^^^^^^^^^^^^^^^^^^^
  File "/home/airflow/.local/lib/python3.11/site-packages/airflow/utils/cli.py", line 116, in wrapper
    return f(*args, **kwargs)
           ^^^^^^^^^^^^^^^^^^
  File "/home/airflow/.local/lib/python3.11/site-packages/airflow/cli/commands/task_command.py", line 483, in task_run
    task_return_code = _run_task_by_selected_method(args, _dag, ti)
                       ^^^^^^^^^^^^^^^^^^^^^^^^^^^^^^^^^^^^^^^^^^^^
  File "/home/airflow/.local/lib/python3.11/site-packages/airflow/cli/commands/task_command.py", line 256, in _run_task_by_selected_method
    return _run_raw_task(args, ti)
           ^^^^^^^^^^^^^^^^^^^^^^^
  File "/home/airflow/.local/lib/python3.11/site-packages/airflow/cli/commands/task_command.py", line 341, in _run_raw_task
    return ti._run_raw_task(
           ^^^^^^^^^^^^^^^^^
  File "/home/airflow/.local/lib/python3.11/site-packages/airflow/utils/session.py", line 97, in wrapper
    return func(*args, session=session, **kwargs)
           ^^^^^^^^^^^^^^^^^^^^^^^^^^^^^^^^^^^^^^
  File "/home/airflow/.local/lib/python3.11/site-packages/airflow/models/taskinstance.py", line 3005, in _run_raw_task
    return _run_raw_task(
           ^^^^^^^^^^^^^^
  File "/home/airflow/.local/lib/python3.11/site-packages/airflow/models/taskinstance.py", line 273, in _run_raw_task
    TaskInstance._execute_task_with_callbacks(
  File "/home/airflow/.local/lib/python3.11/site-packages/airflow/models/taskinstance.py", line 3159, in _execute_task_with_callbacks
    result = self._execute_task(context, task_orig)
             ^^^^^^^^^^^^^^^^^^^^^^^^^^^^^^^^^^^^^^
  File "/home/airflow/.local/lib/python3.11/site-packages/airflow/models/taskinstance.py", line 3183, in _execute_task
    return _execute_task(self, context, task_orig)
           ^^^^^^^^^^^^^^^^^^^^^^^^^^^^^^^^^^^^^^^
  File "/home/airflow/.local/lib/python3.11/site-packages/airflow/models/taskinstance.py", line 767, in _execute_task
    result = _execute_callable(context=context, **execute_callable_kwargs)
             ^^^^^^^^^^^^^^^^^^^^^^^^^^^^^^^^^^^^^^^^^^^^^^^^^^^^^^^^^^^^^
  File "/home/airflow/.local/lib/python3.11/site-packages/airflow/models/taskinstance.py", line 733, in _execute_callable
    return ExecutionCallableRunner(
           ^^^^^^^^^^^^^^^^^^^^^^^^
  File "/home/airflow/.local/lib/python3.11/site-packages/airflow/utils/operator_helpers.py", line 252, in run
    return self.func(*args, **kwargs)
           ^^^^^^^^^^^^^^^^^^^^^^^^^^
  File "/home/airflow/.local/lib/python3.11/site-packages/airflow/models/baseoperator.py", line 422, in wrapper
    return func(self, *args, **kwargs)
           ^^^^^^^^^^^^^^^^^^^^^^^^^^^
  File "/home/airflow/.local/lib/python3.11/site-packages/airflow/operators/bash.py", line 276, in execute
    raise AirflowException(
airflow.exceptions.AirflowException: Bash command failed. The command returned a non-zero exit code 1.
[2026-01-09T04:23:19.041+0000] {local_task_job_runner.py:266} INFO - Task exited with return code 1
[2026-01-09T04:23:19.059+0000] {taskinstance.py:3895} INFO - 0 downstream tasks scheduled from follow-on schedule check
[2026-01-09T04:23:19.061+0000] {local_task_job_runner.py:245} INFO - ::endgroup::
