[2026-01-09T03:14:29.760+0000] {local_task_job_runner.py:123} INFO - ::group::Pre task execution logs
[2026-01-09T03:14:29.782+0000] {taskinstance.py:2613} INFO - Dependencies all met for dep_context=non-requeueable deps ti=<TaskInstance: payment_processor.run_pyspark_processor manual__2026-01-09T03:09:15.653700+00:00 [queued]>
[2026-01-09T03:14:29.788+0000] {taskinstance.py:2613} INFO - Dependencies all met for dep_context=requeueable deps ti=<TaskInstance: payment_processor.run_pyspark_processor manual__2026-01-09T03:09:15.653700+00:00 [queued]>
[2026-01-09T03:14:29.789+0000] {taskinstance.py:2866} INFO - Starting attempt 2 of 2
[2026-01-09T03:14:29.801+0000] {taskinstance.py:2889} INFO - Executing <Task(BashOperator): run_pyspark_processor> on 2026-01-09 03:09:15.653700+00:00
[2026-01-09T03:14:29.807+0000] {standard_task_runner.py:72} INFO - Started process 454 to run task
[2026-01-09T03:14:29.810+0000] {standard_task_runner.py:104} INFO - Running: ['***', 'tasks', 'run', 'payment_processor', 'run_pyspark_processor', 'manual__2026-01-09T03:09:15.653700+00:00', '--job-id', '31', '--raw', '--subdir', 'DAGS_FOLDER/payment_batch_dag.py', '--cfg-path', '/tmp/tmp0m3gol07']
[2026-01-09T03:14:29.812+0000] {standard_task_runner.py:105} INFO - Job 31: Subtask run_pyspark_processor
[2026-01-09T03:14:29.868+0000] {task_command.py:467} INFO - Running <TaskInstance: payment_processor.run_pyspark_processor manual__2026-01-09T03:09:15.653700+00:00 [running]> on host 3df3ffb4789e
[2026-01-09T03:14:29.937+0000] {taskinstance.py:3132} INFO - Exporting env vars: AIRFLOW_CTX_DAG_OWNER='hb' AIRFLOW_CTX_DAG_ID='payment_processor' AIRFLOW_CTX_TASK_ID='run_pyspark_processor' AIRFLOW_CTX_EXECUTION_DATE='2026-01-09T03:09:15.653700+00:00' AIRFLOW_CTX_TRY_NUMBER='2' AIRFLOW_CTX_DAG_RUN_ID='manual__2026-01-09T03:09:15.653700+00:00'
[2026-01-09T03:14:29.940+0000] {logging_mixin.py:190} INFO - Task instance is in running state
[2026-01-09T03:14:29.941+0000] {logging_mixin.py:190} INFO -  Previous state of the Task instance: queued
[2026-01-09T03:14:29.942+0000] {logging_mixin.py:190} INFO - Current task name:run_pyspark_processor state:running start_date:2026-01-09 03:14:29.783231+00:00
[2026-01-09T03:14:29.943+0000] {logging_mixin.py:190} INFO - Dag name:payment_processor and current dag run status:running
[2026-01-09T03:14:29.944+0000] {taskinstance.py:731} INFO - ::endgroup::
[2026-01-09T03:14:29.945+0000] {subprocess.py:78} INFO - Tmp dir root location: /tmp
[2026-01-09T03:14:29.947+0000] {subprocess.py:88} INFO - Running command: ['/usr/bin/bash', '-c', '\n    cd /opt/***/payment_processor &&     spark-submit       --jars /opt/***/payment_processor/jars/hadoop-aws-3.3.4.jar,/opt/***/payment_processor/jars/aws-java-sdk-bundle-1.12.262.jar       process_transactions.py\n    ']
[2026-01-09T03:14:29.958+0000] {subprocess.py:99} INFO - Output:
[2026-01-09T03:14:30.035+0000] {subprocess.py:106} INFO - /home/***/.local/lib/python3.11/site-packages/pyspark/bin/load-spark-env.sh: line 68: ps: command not found
[2026-01-09T03:14:31.356+0000] {subprocess.py:106} INFO - 26/01/09 03:14:31 WARN NativeCodeLoader: Unable to load native-hadoop library for your platform... using builtin-java classes where applicable
[2026-01-09T03:14:31.503+0000] {subprocess.py:106} INFO - 26/01/09 03:14:31 WARN DependencyUtils: Local jar /opt/***/payment_processor/jars/hadoop-aws-3.3.4.jar does not exist, skipping.
[2026-01-09T03:14:32.860+0000] {subprocess.py:106} INFO - 26/01/09 03:14:32 INFO SparkContext: Running Spark version 3.5.0
[2026-01-09T03:14:32.862+0000] {subprocess.py:106} INFO - 26/01/09 03:14:32 INFO SparkContext: OS info Linux, 6.6.87.2-microsoft-standard-WSL2, amd64
[2026-01-09T03:14:32.863+0000] {subprocess.py:106} INFO - 26/01/09 03:14:32 INFO SparkContext: Java version 17.0.17
[2026-01-09T03:14:32.880+0000] {subprocess.py:106} INFO - 26/01/09 03:14:32 INFO ResourceUtils: ==============================================================
[2026-01-09T03:14:32.881+0000] {subprocess.py:106} INFO - 26/01/09 03:14:32 INFO ResourceUtils: No custom resources configured for spark.driver.
[2026-01-09T03:14:32.882+0000] {subprocess.py:106} INFO - 26/01/09 03:14:32 INFO ResourceUtils: ==============================================================
[2026-01-09T03:14:32.883+0000] {subprocess.py:106} INFO - 26/01/09 03:14:32 INFO SparkContext: Submitted application: PaymentChain-Processor-S3
[2026-01-09T03:14:32.894+0000] {subprocess.py:106} INFO - 26/01/09 03:14:32 INFO ResourceProfile: Default ResourceProfile created, executor resources: Map(cores -> name: cores, amount: 1, script: , vendor: , memory -> name: memory, amount: 1024, script: , vendor: , offHeap -> name: offHeap, amount: 0, script: , vendor: ), task resources: Map(cpus -> name: cpus, amount: 1.0)
[2026-01-09T03:14:32.900+0000] {subprocess.py:106} INFO - 26/01/09 03:14:32 INFO ResourceProfile: Limiting resource is cpu
[2026-01-09T03:14:32.901+0000] {subprocess.py:106} INFO - 26/01/09 03:14:32 INFO ResourceProfileManager: Added ResourceProfile id: 0
[2026-01-09T03:14:32.937+0000] {subprocess.py:106} INFO - 26/01/09 03:14:32 INFO SecurityManager: Changing view acls to: ***
[2026-01-09T03:14:32.938+0000] {subprocess.py:106} INFO - 26/01/09 03:14:32 INFO SecurityManager: Changing modify acls to: ***
[2026-01-09T03:14:32.940+0000] {subprocess.py:106} INFO - 26/01/09 03:14:32 INFO SecurityManager: Changing view acls groups to:
[2026-01-09T03:14:32.941+0000] {subprocess.py:106} INFO - 26/01/09 03:14:32 INFO SecurityManager: Changing modify acls groups to:
[2026-01-09T03:14:32.942+0000] {subprocess.py:106} INFO - 26/01/09 03:14:32 INFO SecurityManager: SecurityManager: authentication disabled; ui acls disabled; users with view permissions: ***; groups with view permissions: EMPTY; users with modify permissions: ***; groups with modify permissions: EMPTY
[2026-01-09T03:14:33.088+0000] {subprocess.py:106} INFO - 26/01/09 03:14:33 INFO Utils: Successfully started service 'sparkDriver' on port 35261.
[2026-01-09T03:14:33.109+0000] {subprocess.py:106} INFO - 26/01/09 03:14:33 INFO SparkEnv: Registering MapOutputTracker
[2026-01-09T03:14:33.133+0000] {subprocess.py:106} INFO - 26/01/09 03:14:33 INFO SparkEnv: Registering BlockManagerMaster
[2026-01-09T03:14:33.145+0000] {subprocess.py:106} INFO - 26/01/09 03:14:33 INFO BlockManagerMasterEndpoint: Using org.apache.spark.storage.DefaultTopologyMapper for getting topology information
[2026-01-09T03:14:33.147+0000] {subprocess.py:106} INFO - 26/01/09 03:14:33 INFO BlockManagerMasterEndpoint: BlockManagerMasterEndpoint up
[2026-01-09T03:14:33.150+0000] {subprocess.py:106} INFO - 26/01/09 03:14:33 INFO SparkEnv: Registering BlockManagerMasterHeartbeat
[2026-01-09T03:14:33.166+0000] {subprocess.py:106} INFO - 26/01/09 03:14:33 INFO DiskBlockManager: Created local directory at /tmp/blockmgr-eb127810-b9ac-43d3-af71-4ac4861746e1
[2026-01-09T03:14:33.180+0000] {subprocess.py:106} INFO - 26/01/09 03:14:33 INFO MemoryStore: MemoryStore started with capacity 434.4 MiB
[2026-01-09T03:14:33.192+0000] {subprocess.py:106} INFO - 26/01/09 03:14:33 INFO SparkEnv: Registering OutputCommitCoordinator
[2026-01-09T03:14:33.279+0000] {subprocess.py:106} INFO - 26/01/09 03:14:33 INFO JettyUtils: Start Jetty 0.0.0.0:4040 for SparkUI
[2026-01-09T03:14:33.345+0000] {subprocess.py:106} INFO - 26/01/09 03:14:33 INFO Utils: Successfully started service 'SparkUI' on port 4040.
[2026-01-09T03:14:33.370+0000] {subprocess.py:106} INFO - 26/01/09 03:14:33 ERROR SparkContext: Failed to add file:/opt/***/payment_processor/jars/hadoop-aws-3.3.4.jar to Spark environment
[2026-01-09T03:14:33.372+0000] {subprocess.py:106} INFO - java.io.FileNotFoundException: Jar /opt/***/payment_processor/jars/hadoop-aws-3.3.4.jar not found
[2026-01-09T03:14:33.373+0000] {subprocess.py:106} INFO - 	at org.apache.spark.SparkContext.addLocalJarFile$1(SparkContext.scala:2100)
[2026-01-09T03:14:33.374+0000] {subprocess.py:106} INFO - 	at org.apache.spark.SparkContext.addJar(SparkContext.scala:2156)
[2026-01-09T03:14:33.375+0000] {subprocess.py:106} INFO - 	at org.apache.spark.SparkContext.$anonfun$new$15(SparkContext.scala:526)
[2026-01-09T03:14:33.377+0000] {subprocess.py:106} INFO - 	at org.apache.spark.SparkContext.$anonfun$new$15$adapted(SparkContext.scala:526)
[2026-01-09T03:14:33.378+0000] {subprocess.py:106} INFO - 	at scala.collection.mutable.ResizableArray.foreach(ResizableArray.scala:62)
[2026-01-09T03:14:33.379+0000] {subprocess.py:106} INFO - 	at scala.collection.mutable.ResizableArray.foreach$(ResizableArray.scala:55)
[2026-01-09T03:14:33.380+0000] {subprocess.py:106} INFO - 	at scala.collection.mutable.ArrayBuffer.foreach(ArrayBuffer.scala:49)
[2026-01-09T03:14:33.382+0000] {subprocess.py:106} INFO - 	at org.apache.spark.SparkContext.<init>(SparkContext.scala:526)
[2026-01-09T03:14:33.383+0000] {subprocess.py:106} INFO - 	at org.apache.spark.api.java.JavaSparkContext.<init>(JavaSparkContext.scala:58)
[2026-01-09T03:14:33.384+0000] {subprocess.py:106} INFO - 	at java.base/jdk.internal.reflect.NativeConstructorAccessorImpl.newInstance0(Native Method)
[2026-01-09T03:14:33.385+0000] {subprocess.py:106} INFO - 	at java.base/jdk.internal.reflect.NativeConstructorAccessorImpl.newInstance(NativeConstructorAccessorImpl.java:77)
[2026-01-09T03:14:33.387+0000] {subprocess.py:106} INFO - 	at java.base/jdk.internal.reflect.DelegatingConstructorAccessorImpl.newInstance(DelegatingConstructorAccessorImpl.java:45)
[2026-01-09T03:14:33.388+0000] {subprocess.py:106} INFO - 	at java.base/java.lang.reflect.Constructor.newInstanceWithCaller(Constructor.java:500)
[2026-01-09T03:14:33.389+0000] {subprocess.py:106} INFO - 	at java.base/java.lang.reflect.Constructor.newInstance(Constructor.java:481)
[2026-01-09T03:14:33.391+0000] {subprocess.py:106} INFO - 	at py4j.reflection.MethodInvoker.invoke(MethodInvoker.java:247)
[2026-01-09T03:14:33.392+0000] {subprocess.py:106} INFO - 	at py4j.reflection.ReflectionEngine.invoke(ReflectionEngine.java:374)
[2026-01-09T03:14:33.393+0000] {subprocess.py:106} INFO - 	at py4j.Gateway.invoke(Gateway.java:238)
[2026-01-09T03:14:33.394+0000] {subprocess.py:106} INFO - 	at py4j.commands.ConstructorCommand.invokeConstructor(ConstructorCommand.java:80)
[2026-01-09T03:14:33.396+0000] {subprocess.py:106} INFO - 	at py4j.commands.ConstructorCommand.execute(ConstructorCommand.java:69)
[2026-01-09T03:14:33.397+0000] {subprocess.py:106} INFO - 	at py4j.ClientServerConnection.waitForCommands(ClientServerConnection.java:182)
[2026-01-09T03:14:33.398+0000] {subprocess.py:106} INFO - 	at py4j.ClientServerConnection.run(ClientServerConnection.java:106)
[2026-01-09T03:14:33.399+0000] {subprocess.py:106} INFO - 	at java.base/java.lang.Thread.run(Thread.java:840)
[2026-01-09T03:14:33.400+0000] {subprocess.py:106} INFO - 26/01/09 03:14:33 INFO SparkContext: Added JAR file:///opt/***/payment_processor/jars/aws-java-sdk-bundle-1.12.262.jar at spark://3df3ffb4789e:35261/jars/aws-java-sdk-bundle-1.12.262.jar with timestamp 1767928472855
[2026-01-09T03:14:33.425+0000] {subprocess.py:106} INFO - 26/01/09 03:14:33 INFO Executor: Starting executor ID driver on host 3df3ffb4789e
[2026-01-09T03:14:33.426+0000] {subprocess.py:106} INFO - 26/01/09 03:14:33 INFO Executor: OS info Linux, 6.6.87.2-microsoft-standard-WSL2, amd64
[2026-01-09T03:14:33.427+0000] {subprocess.py:106} INFO - 26/01/09 03:14:33 INFO Executor: Java version 17.0.17
[2026-01-09T03:14:33.431+0000] {subprocess.py:106} INFO - 26/01/09 03:14:33 INFO Executor: Starting executor with user classpath (userClassPathFirst = false): ''
[2026-01-09T03:14:33.432+0000] {subprocess.py:106} INFO - 26/01/09 03:14:33 INFO Executor: Created or updated repl class loader org.apache.spark.util.MutableURLClassLoader@589138a1 for default.
[2026-01-09T03:14:33.441+0000] {subprocess.py:106} INFO - 26/01/09 03:14:33 INFO Executor: Fetching spark://3df3ffb4789e:35261/jars/aws-java-sdk-bundle-1.12.262.jar with timestamp 1767928472855
[2026-01-09T03:14:33.497+0000] {subprocess.py:106} INFO - 26/01/09 03:14:33 INFO TransportClientFactory: Successfully created connection to 3df3ffb4789e/172.20.0.6:35261 after 22 ms (0 ms spent in bootstraps)
[2026-01-09T03:14:33.505+0000] {subprocess.py:106} INFO - 26/01/09 03:14:33 INFO Utils: Fetching spark://3df3ffb4789e:35261/jars/aws-java-sdk-bundle-1.12.262.jar to /tmp/spark-adaaec4d-21a4-4f7c-a502-b093d1f1df15/userFiles-70e87dbe-89da-44d6-b264-0e8e27772583/fetchFileTemp11903126429467688563.tmp
[2026-01-09T03:14:35.701+0000] {subprocess.py:106} INFO - 26/01/09 03:14:35 INFO Executor: Adding file:/tmp/spark-adaaec4d-21a4-4f7c-a502-b093d1f1df15/userFiles-70e87dbe-89da-44d6-b264-0e8e27772583/aws-java-sdk-bundle-1.12.262.jar to class loader default
[2026-01-09T03:14:35.709+0000] {subprocess.py:106} INFO - 26/01/09 03:14:35 INFO Utils: Successfully started service 'org.apache.spark.network.netty.NettyBlockTransferService' on port 42073.
[2026-01-09T03:14:35.711+0000] {subprocess.py:106} INFO - 26/01/09 03:14:35 INFO NettyBlockTransferService: Server created on 3df3ffb4789e:42073
[2026-01-09T03:14:35.713+0000] {subprocess.py:106} INFO - 26/01/09 03:14:35 INFO BlockManager: Using org.apache.spark.storage.RandomBlockReplicationPolicy for block replication policy
[2026-01-09T03:14:35.717+0000] {subprocess.py:106} INFO - 26/01/09 03:14:35 INFO BlockManagerMaster: Registering BlockManager BlockManagerId(driver, 3df3ffb4789e, 42073, None)
[2026-01-09T03:14:35.720+0000] {subprocess.py:106} INFO - 26/01/09 03:14:35 INFO BlockManagerMasterEndpoint: Registering block manager 3df3ffb4789e:42073 with 434.4 MiB RAM, BlockManagerId(driver, 3df3ffb4789e, 42073, None)
[2026-01-09T03:14:35.722+0000] {subprocess.py:106} INFO - 26/01/09 03:14:35 INFO BlockManagerMaster: Registered BlockManager BlockManagerId(driver, 3df3ffb4789e, 42073, None)
[2026-01-09T03:14:35.723+0000] {subprocess.py:106} INFO - 26/01/09 03:14:35 INFO BlockManager: Initialized BlockManager: BlockManagerId(driver, 3df3ffb4789e, 42073, None)
[2026-01-09T03:14:35.998+0000] {subprocess.py:106} INFO - ============================================================
[2026-01-09T03:14:36.000+0000] {subprocess.py:106} INFO - PAYMENTCHAIN TRANSACTION PROCESSOR (S3)
[2026-01-09T03:14:36.001+0000] {subprocess.py:106} INFO - ============================================================
[2026-01-09T03:14:36.002+0000] {subprocess.py:106} INFO - Spark Version: 3.5.0
[2026-01-09T03:14:36.003+0000] {subprocess.py:106} INFO - Input Bucket: s3a://***-paymentchain-dev-ben
[2026-01-09T03:14:36.005+0000] {subprocess.py:106} INFO - Output Bucket: s3a://***-paymentchain-output-ben
[2026-01-09T03:14:36.006+0000] {subprocess.py:106} INFO - ============================================================
[2026-01-09T03:14:36.007+0000] {subprocess.py:106} INFO - 
[2026-01-09T03:14:36.008+0000] {subprocess.py:106} INFO - [1/7] Loading data from S3...
[2026-01-09T03:14:36.009+0000] {subprocess.py:106} INFO - 26/01/09 03:14:36 INFO SharedState: Setting hive.metastore.warehouse.dir ('null') to the value of spark.sql.warehouse.dir.
[2026-01-09T03:14:36.010+0000] {subprocess.py:106} INFO - 26/01/09 03:14:36 INFO SharedState: Warehouse path is 'file:/opt/***/payment_processor/spark-warehouse'.
[2026-01-09T03:14:36.514+0000] {subprocess.py:106} INFO - 26/01/09 03:14:36 WARN FileStreamSink: Assume no metadata directory. Error while looking for metadata directory in the path: s3a://***-paymentchain-dev-ben/transactions.csv.
[2026-01-09T03:14:36.520+0000] {subprocess.py:106} INFO - java.lang.RuntimeException: java.lang.ClassNotFoundException: Class org.apache.hadoop.fs.s3a.S3AFileSystem not found
[2026-01-09T03:14:36.521+0000] {subprocess.py:106} INFO - 	at org.apache.hadoop.conf.Configuration.getClass(Configuration.java:2688)
[2026-01-09T03:14:36.523+0000] {subprocess.py:106} INFO - 	at org.apache.hadoop.fs.FileSystem.getFileSystemClass(FileSystem.java:3431)
[2026-01-09T03:14:36.524+0000] {subprocess.py:106} INFO - 	at org.apache.hadoop.fs.FileSystem.createFileSystem(FileSystem.java:3466)
[2026-01-09T03:14:36.526+0000] {subprocess.py:106} INFO - 	at org.apache.hadoop.fs.FileSystem.access$300(FileSystem.java:174)
[2026-01-09T03:14:36.527+0000] {subprocess.py:106} INFO - 	at org.apache.hadoop.fs.FileSystem$Cache.getInternal(FileSystem.java:3574)
[2026-01-09T03:14:36.529+0000] {subprocess.py:106} INFO - 	at org.apache.hadoop.fs.FileSystem$Cache.get(FileSystem.java:3521)
[2026-01-09T03:14:36.530+0000] {subprocess.py:106} INFO - 	at org.apache.hadoop.fs.FileSystem.get(FileSystem.java:540)
[2026-01-09T03:14:36.531+0000] {subprocess.py:106} INFO - 	at org.apache.hadoop.fs.Path.getFileSystem(Path.java:365)
[2026-01-09T03:14:36.533+0000] {subprocess.py:106} INFO - 	at org.apache.spark.sql.execution.streaming.FileStreamSink$.hasMetadata(FileStreamSink.scala:53)
[2026-01-09T03:14:36.534+0000] {subprocess.py:106} INFO - 	at org.apache.spark.sql.execution.datasources.DataSource.resolveRelation(DataSource.scala:366)
[2026-01-09T03:14:36.536+0000] {subprocess.py:106} INFO - 	at org.apache.spark.sql.DataFrameReader.loadV1Source(DataFrameReader.scala:229)
[2026-01-09T03:14:36.537+0000] {subprocess.py:106} INFO - 	at org.apache.spark.sql.DataFrameReader.$anonfun$load$2(DataFrameReader.scala:211)
[2026-01-09T03:14:36.539+0000] {subprocess.py:106} INFO - 	at scala.Option.getOrElse(Option.scala:189)
[2026-01-09T03:14:36.540+0000] {subprocess.py:106} INFO - 	at org.apache.spark.sql.DataFrameReader.load(DataFrameReader.scala:211)
[2026-01-09T03:14:36.542+0000] {subprocess.py:106} INFO - 	at org.apache.spark.sql.DataFrameReader.csv(DataFrameReader.scala:538)
[2026-01-09T03:14:36.543+0000] {subprocess.py:106} INFO - 	at java.base/jdk.internal.reflect.NativeMethodAccessorImpl.invoke0(Native Method)
[2026-01-09T03:14:36.544+0000] {subprocess.py:106} INFO - 	at java.base/jdk.internal.reflect.NativeMethodAccessorImpl.invoke(NativeMethodAccessorImpl.java:77)
[2026-01-09T03:14:36.546+0000] {subprocess.py:106} INFO - 	at java.base/jdk.internal.reflect.DelegatingMethodAccessorImpl.invoke(DelegatingMethodAccessorImpl.java:43)
[2026-01-09T03:14:36.547+0000] {subprocess.py:106} INFO - 	at java.base/java.lang.reflect.Method.invoke(Method.java:569)
[2026-01-09T03:14:36.548+0000] {subprocess.py:106} INFO - 	at py4j.reflection.MethodInvoker.invoke(MethodInvoker.java:244)
[2026-01-09T03:14:36.549+0000] {subprocess.py:106} INFO - 	at py4j.reflection.ReflectionEngine.invoke(ReflectionEngine.java:374)
[2026-01-09T03:14:36.550+0000] {subprocess.py:106} INFO - 	at py4j.Gateway.invoke(Gateway.java:282)
[2026-01-09T03:14:36.552+0000] {subprocess.py:106} INFO - 	at py4j.commands.AbstractCommand.invokeMethod(AbstractCommand.java:132)
[2026-01-09T03:14:36.553+0000] {subprocess.py:106} INFO - 	at py4j.commands.CallCommand.execute(CallCommand.java:79)
[2026-01-09T03:14:36.554+0000] {subprocess.py:106} INFO - 	at py4j.ClientServerConnection.waitForCommands(ClientServerConnection.java:182)
[2026-01-09T03:14:36.556+0000] {subprocess.py:106} INFO - 	at py4j.ClientServerConnection.run(ClientServerConnection.java:106)
[2026-01-09T03:14:36.557+0000] {subprocess.py:106} INFO - 	at java.base/java.lang.Thread.run(Thread.java:840)
[2026-01-09T03:14:36.559+0000] {subprocess.py:106} INFO - Caused by: java.lang.ClassNotFoundException: Class org.apache.hadoop.fs.s3a.S3AFileSystem not found
[2026-01-09T03:14:36.560+0000] {subprocess.py:106} INFO - 	at org.apache.hadoop.conf.Configuration.getClassByName(Configuration.java:2592)
[2026-01-09T03:14:36.561+0000] {subprocess.py:106} INFO - 	at org.apache.hadoop.conf.Configuration.getClass(Configuration.java:2686)
[2026-01-09T03:14:36.563+0000] {subprocess.py:106} INFO - 	... 26 more
[2026-01-09T03:14:36.581+0000] {subprocess.py:106} INFO - 
[2026-01-09T03:14:36.583+0000] {subprocess.py:106} INFO - ============================================================
[2026-01-09T03:14:36.584+0000] {subprocess.py:106} INFO - ‚ùå ERROR DURING PROCESSING
[2026-01-09T03:14:36.586+0000] {subprocess.py:106} INFO - ============================================================
[2026-01-09T03:14:36.587+0000] {subprocess.py:106} INFO - Error: An error occurred while calling o32.csv.
[2026-01-09T03:14:36.588+0000] {subprocess.py:106} INFO - : java.lang.RuntimeException: java.lang.ClassNotFoundException: Class org.apache.hadoop.fs.s3a.S3AFileSystem not found
[2026-01-09T03:14:36.590+0000] {subprocess.py:106} INFO - 	at org.apache.hadoop.conf.Configuration.getClass(Configuration.java:2688)
[2026-01-09T03:14:36.591+0000] {subprocess.py:106} INFO - 	at org.apache.hadoop.fs.FileSystem.getFileSystemClass(FileSystem.java:3431)
[2026-01-09T03:14:36.592+0000] {subprocess.py:106} INFO - 	at org.apache.hadoop.fs.FileSystem.createFileSystem(FileSystem.java:3466)
[2026-01-09T03:14:36.593+0000] {subprocess.py:106} INFO - 	at org.apache.hadoop.fs.FileSystem.access$300(FileSystem.java:174)
[2026-01-09T03:14:36.595+0000] {subprocess.py:106} INFO - 	at org.apache.hadoop.fs.FileSystem$Cache.getInternal(FileSystem.java:3574)
[2026-01-09T03:14:36.596+0000] {subprocess.py:106} INFO - 	at org.apache.hadoop.fs.FileSystem$Cache.get(FileSystem.java:3521)
[2026-01-09T03:14:36.597+0000] {subprocess.py:106} INFO - 	at org.apache.hadoop.fs.FileSystem.get(FileSystem.java:540)
[2026-01-09T03:14:36.599+0000] {subprocess.py:106} INFO - 	at org.apache.hadoop.fs.Path.getFileSystem(Path.java:365)
[2026-01-09T03:14:36.600+0000] {subprocess.py:106} INFO - 	at org.apache.spark.sql.execution.datasources.DataSource$.$anonfun$checkAndGlobPathIfNecessary$1(DataSource.scala:724)
[2026-01-09T03:14:36.601+0000] {subprocess.py:106} INFO - 	at scala.collection.immutable.List.map(List.scala:293)
[2026-01-09T03:14:36.602+0000] {subprocess.py:106} INFO - 	at org.apache.spark.sql.execution.datasources.DataSource$.checkAndGlobPathIfNecessary(DataSource.scala:722)
[2026-01-09T03:14:36.603+0000] {subprocess.py:106} INFO - 	at org.apache.spark.sql.execution.datasources.DataSource.checkAndGlobPathIfNecessary(DataSource.scala:551)
[2026-01-09T03:14:36.605+0000] {subprocess.py:106} INFO - 	at org.apache.spark.sql.execution.datasources.DataSource.resolveRelation(DataSource.scala:404)
[2026-01-09T03:14:36.608+0000] {subprocess.py:106} INFO - 	at org.apache.spark.sql.DataFrameReader.loadV1Source(DataFrameReader.scala:229)
[2026-01-09T03:14:36.609+0000] {subprocess.py:106} INFO - 	at org.apache.spark.sql.DataFrameReader.$anonfun$load$2(DataFrameReader.scala:211)
[2026-01-09T03:14:36.610+0000] {subprocess.py:106} INFO - 	at scala.Option.getOrElse(Option.scala:189)
[2026-01-09T03:14:36.612+0000] {subprocess.py:106} INFO - 	at org.apache.spark.sql.DataFrameReader.load(DataFrameReader.scala:211)
[2026-01-09T03:14:36.613+0000] {subprocess.py:106} INFO - 	at org.apache.spark.sql.DataFrameReader.csv(DataFrameReader.scala:538)
[2026-01-09T03:14:36.614+0000] {subprocess.py:106} INFO - 	at java.base/jdk.internal.reflect.NativeMethodAccessorImpl.invoke0(Native Method)
[2026-01-09T03:14:36.616+0000] {subprocess.py:106} INFO - 	at java.base/jdk.internal.reflect.NativeMethodAccessorImpl.invoke(NativeMethodAccessorImpl.java:77)
[2026-01-09T03:14:36.617+0000] {subprocess.py:106} INFO - 	at java.base/jdk.internal.reflect.DelegatingMethodAccessorImpl.invoke(DelegatingMethodAccessorImpl.java:43)
[2026-01-09T03:14:36.618+0000] {subprocess.py:106} INFO - 	at java.base/java.lang.reflect.Method.invoke(Method.java:569)
[2026-01-09T03:14:36.618+0000] {subprocess.py:106} INFO - 	at py4j.reflection.MethodInvoker.invoke(MethodInvoker.java:244)
[2026-01-09T03:14:36.619+0000] {subprocess.py:106} INFO - 	at py4j.reflection.ReflectionEngine.invoke(ReflectionEngine.java:374)
[2026-01-09T03:14:36.620+0000] {subprocess.py:106} INFO - 	at py4j.Gateway.invoke(Gateway.java:282)
[2026-01-09T03:14:36.621+0000] {subprocess.py:106} INFO - 	at py4j.commands.AbstractCommand.invokeMethod(AbstractCommand.java:132)
[2026-01-09T03:14:36.622+0000] {subprocess.py:106} INFO - 	at py4j.commands.CallCommand.execute(CallCommand.java:79)
[2026-01-09T03:14:36.623+0000] {subprocess.py:106} INFO - 	at py4j.ClientServerConnection.waitForCommands(ClientServerConnection.java:182)
[2026-01-09T03:14:36.624+0000] {subprocess.py:106} INFO - 	at py4j.ClientServerConnection.run(ClientServerConnection.java:106)
[2026-01-09T03:14:36.625+0000] {subprocess.py:106} INFO - 	at java.base/java.lang.Thread.run(Thread.java:840)
[2026-01-09T03:14:36.626+0000] {subprocess.py:106} INFO - Caused by: java.lang.ClassNotFoundException: Class org.apache.hadoop.fs.s3a.S3AFileSystem not found
[2026-01-09T03:14:36.627+0000] {subprocess.py:106} INFO - 	at org.apache.hadoop.conf.Configuration.getClassByName(Configuration.java:2592)
[2026-01-09T03:14:36.628+0000] {subprocess.py:106} INFO - 	at org.apache.hadoop.conf.Configuration.getClass(Configuration.java:2686)
[2026-01-09T03:14:36.629+0000] {subprocess.py:106} INFO - 	... 29 more
[2026-01-09T03:14:36.631+0000] {subprocess.py:106} INFO - 
[2026-01-09T03:14:36.633+0000] {subprocess.py:106} INFO - ============================================================
[2026-01-09T03:14:36.634+0000] {subprocess.py:106} INFO - 26/01/09 03:14:36 INFO SparkContext: SparkContext is stopping with exitCode 0.
[2026-01-09T03:14:36.636+0000] {subprocess.py:106} INFO - 26/01/09 03:14:36 INFO SparkUI: Stopped Spark web UI at http://3df3ffb4789e:4040
[2026-01-09T03:14:36.637+0000] {subprocess.py:106} INFO - 26/01/09 03:14:36 INFO MapOutputTrackerMasterEndpoint: MapOutputTrackerMasterEndpoint stopped!
[2026-01-09T03:14:36.638+0000] {subprocess.py:106} INFO - 26/01/09 03:14:36 INFO MemoryStore: MemoryStore cleared
[2026-01-09T03:14:36.638+0000] {subprocess.py:106} INFO - 26/01/09 03:14:36 INFO BlockManager: BlockManager stopped
[2026-01-09T03:14:36.640+0000] {subprocess.py:106} INFO - 26/01/09 03:14:36 INFO BlockManagerMaster: BlockManagerMaster stopped
[2026-01-09T03:14:36.640+0000] {subprocess.py:106} INFO - 26/01/09 03:14:36 INFO OutputCommitCoordinator$OutputCommitCoordinatorEndpoint: OutputCommitCoordinator stopped!
[2026-01-09T03:14:36.669+0000] {subprocess.py:106} INFO - 26/01/09 03:14:36 INFO SparkContext: Successfully stopped SparkContext
[2026-01-09T03:14:37.027+0000] {subprocess.py:106} INFO - 26/01/09 03:14:37 INFO ShutdownHookManager: Shutdown hook called
[2026-01-09T03:14:37.033+0000] {subprocess.py:106} INFO - 26/01/09 03:14:37 INFO ShutdownHookManager: Deleting directory /tmp/spark-adaaec4d-21a4-4f7c-a502-b093d1f1df15/pyspark-44820e89-94e1-4249-b4b8-d2140b73e963
[2026-01-09T03:14:37.048+0000] {subprocess.py:106} INFO - 26/01/09 03:14:37 INFO ShutdownHookManager: Deleting directory /tmp/spark-2d5a9658-0932-43a1-bf2d-022216c51a37
[2026-01-09T03:14:37.066+0000] {subprocess.py:106} INFO - 26/01/09 03:14:37 INFO ShutdownHookManager: Deleting directory /tmp/spark-adaaec4d-21a4-4f7c-a502-b093d1f1df15
[2026-01-09T03:14:37.209+0000] {subprocess.py:110} INFO - Command exited with return code 1
[2026-01-09T03:14:37.234+0000] {taskinstance.py:3311} ERROR - Task failed with exception
Traceback (most recent call last):
  File "/home/airflow/.local/lib/python3.11/site-packages/airflow/models/taskinstance.py", line 767, in _execute_task
    result = _execute_callable(context=context, **execute_callable_kwargs)
             ^^^^^^^^^^^^^^^^^^^^^^^^^^^^^^^^^^^^^^^^^^^^^^^^^^^^^^^^^^^^^
  File "/home/airflow/.local/lib/python3.11/site-packages/airflow/models/taskinstance.py", line 733, in _execute_callable
    return ExecutionCallableRunner(
           ^^^^^^^^^^^^^^^^^^^^^^^^
  File "/home/airflow/.local/lib/python3.11/site-packages/airflow/utils/operator_helpers.py", line 252, in run
    return self.func(*args, **kwargs)
           ^^^^^^^^^^^^^^^^^^^^^^^^^^
  File "/home/airflow/.local/lib/python3.11/site-packages/airflow/models/baseoperator.py", line 422, in wrapper
    return func(self, *args, **kwargs)
           ^^^^^^^^^^^^^^^^^^^^^^^^^^^
  File "/home/airflow/.local/lib/python3.11/site-packages/airflow/operators/bash.py", line 276, in execute
    raise AirflowException(
airflow.exceptions.AirflowException: Bash command failed. The command returned a non-zero exit code 1.
[2026-01-09T03:14:37.242+0000] {logging_mixin.py:190} INFO - Task instance in failure state
[2026-01-09T03:14:37.244+0000] {logging_mixin.py:190} INFO - Task start:2026-01-09 03:14:29.783231+00:00 end:2026-01-09 03:14:37.241576+00:00 duration:7.458345
[2026-01-09T03:14:37.246+0000] {logging_mixin.py:190} INFO - Task:<Task(BashOperator): run_pyspark_processor> dag:<DAG: payment_processor> dagrun:<DagRun payment_processor @ 2026-01-09 03:09:15.653700+00:00: manual__2026-01-09T03:09:15.653700+00:00, state:running, queued_at: 2026-01-09 03:09:15.671179+00:00. externally triggered: True>
[2026-01-09T03:14:37.249+0000] {logging_mixin.py:190} INFO - Failure caused by Bash command failed. The command returned a non-zero exit code 1.
[2026-01-09T03:14:37.251+0000] {taskinstance.py:1225} INFO - Marking task as FAILED. dag_id=payment_processor, task_id=run_pyspark_processor, run_id=manual__2026-01-09T03:09:15.653700+00:00, execution_date=20260109T030915, start_date=20260109T031429, end_date=20260109T031437
[2026-01-09T03:14:37.500+0000] {taskinstance.py:340} INFO - ::group::Post task execution logs
[2026-01-09T03:14:37.501+0000] {standard_task_runner.py:124} ERROR - Failed to execute job 31 for task run_pyspark_processor (Bash command failed. The command returned a non-zero exit code 1.; 454)
Traceback (most recent call last):
  File "/home/airflow/.local/lib/python3.11/site-packages/airflow/task/task_runner/standard_task_runner.py", line 117, in _start_by_fork
    ret = args.func(args, dag=self.dag)
          ^^^^^^^^^^^^^^^^^^^^^^^^^^^^^
  File "/home/airflow/.local/lib/python3.11/site-packages/airflow/cli/cli_config.py", line 49, in command
    return func(*args, **kwargs)
           ^^^^^^^^^^^^^^^^^^^^^
  File "/home/airflow/.local/lib/python3.11/site-packages/airflow/utils/cli.py", line 116, in wrapper
    return f(*args, **kwargs)
           ^^^^^^^^^^^^^^^^^^
  File "/home/airflow/.local/lib/python3.11/site-packages/airflow/cli/commands/task_command.py", line 483, in task_run
    task_return_code = _run_task_by_selected_method(args, _dag, ti)
                       ^^^^^^^^^^^^^^^^^^^^^^^^^^^^^^^^^^^^^^^^^^^^
  File "/home/airflow/.local/lib/python3.11/site-packages/airflow/cli/commands/task_command.py", line 256, in _run_task_by_selected_method
    return _run_raw_task(args, ti)
           ^^^^^^^^^^^^^^^^^^^^^^^
  File "/home/airflow/.local/lib/python3.11/site-packages/airflow/cli/commands/task_command.py", line 341, in _run_raw_task
    return ti._run_raw_task(
           ^^^^^^^^^^^^^^^^^
  File "/home/airflow/.local/lib/python3.11/site-packages/airflow/utils/session.py", line 97, in wrapper
    return func(*args, session=session, **kwargs)
           ^^^^^^^^^^^^^^^^^^^^^^^^^^^^^^^^^^^^^^
  File "/home/airflow/.local/lib/python3.11/site-packages/airflow/models/taskinstance.py", line 3005, in _run_raw_task
    return _run_raw_task(
           ^^^^^^^^^^^^^^
  File "/home/airflow/.local/lib/python3.11/site-packages/airflow/models/taskinstance.py", line 273, in _run_raw_task
    TaskInstance._execute_task_with_callbacks(
  File "/home/airflow/.local/lib/python3.11/site-packages/airflow/models/taskinstance.py", line 3159, in _execute_task_with_callbacks
    result = self._execute_task(context, task_orig)
             ^^^^^^^^^^^^^^^^^^^^^^^^^^^^^^^^^^^^^^
  File "/home/airflow/.local/lib/python3.11/site-packages/airflow/models/taskinstance.py", line 3183, in _execute_task
    return _execute_task(self, context, task_orig)
           ^^^^^^^^^^^^^^^^^^^^^^^^^^^^^^^^^^^^^^^
  File "/home/airflow/.local/lib/python3.11/site-packages/airflow/models/taskinstance.py", line 767, in _execute_task
    result = _execute_callable(context=context, **execute_callable_kwargs)
             ^^^^^^^^^^^^^^^^^^^^^^^^^^^^^^^^^^^^^^^^^^^^^^^^^^^^^^^^^^^^^
  File "/home/airflow/.local/lib/python3.11/site-packages/airflow/models/taskinstance.py", line 733, in _execute_callable
    return ExecutionCallableRunner(
           ^^^^^^^^^^^^^^^^^^^^^^^^
  File "/home/airflow/.local/lib/python3.11/site-packages/airflow/utils/operator_helpers.py", line 252, in run
    return self.func(*args, **kwargs)
           ^^^^^^^^^^^^^^^^^^^^^^^^^^
  File "/home/airflow/.local/lib/python3.11/site-packages/airflow/models/baseoperator.py", line 422, in wrapper
    return func(self, *args, **kwargs)
           ^^^^^^^^^^^^^^^^^^^^^^^^^^^
  File "/home/airflow/.local/lib/python3.11/site-packages/airflow/operators/bash.py", line 276, in execute
    raise AirflowException(
airflow.exceptions.AirflowException: Bash command failed. The command returned a non-zero exit code 1.
[2026-01-09T03:14:37.528+0000] {local_task_job_runner.py:266} INFO - Task exited with return code 1
[2026-01-09T03:14:37.544+0000] {taskinstance.py:3895} INFO - 0 downstream tasks scheduled from follow-on schedule check
[2026-01-09T03:14:37.550+0000] {local_task_job_runner.py:245} INFO - ::endgroup::
